<?xml version="1.0" encoding="UTF-8"?>
<TestRun id="a83312c5-2481-423a-8a15-763370743a25" name="user1@user1computername 2015-04-22 12:49:55" runUser="DOMAIN\User1" xmlns="http://microsoft.com/schemas/VisualStudio/TeamTest/2010">
  <TestSettings name="Default Test Settings" id="36006470-7aaf-440e-b3ae-37c950598bde">
    <Execution>
      <TestTypeSpecific />
      <AgentRule name="Execution Agents">
      </AgentRule>
    </Execution>
    <Deployment runDeploymentRoot="user1_user1computername 2015-04-22 12_49_55" />
  </TestSettings>
  <Times creation="2015-04-22T12:49:55.7294989-05:00" queuing="2015-04-22T12:49:56.6305890-05:00" start="2015-04-22T12:49:56.7395999-05:00" finish="2015-04-22T12:50:23.1572414-05:00" />
  <ResultSummary outcome="Failed">
    <Counters total="142" executed="142" passed="132" error="0" failed="1" timeout="0" aborted="0" inconclusive="9" passedButRunAborted="0" notRunnable="0" notExecuted="0" disconnected="0" warning="0" completed="0" inProgress="0" pending="0" />
  </ResultSummary>
  <TestDefinitions>
    <UnitTest name="ETL_helper_defineNewStepSproc_Error_stepAlreadyExists" storage="test.dll" id="39b588e9-c500-5215-2a1c-737caab85106">
      <Execution id="5b5f8e62-374d-4ab7-9988-cbfb45819621" />
      <TestMethod codeBase="path/to/test/dll/test.dll" adapterTypeName="Microsoft.VisualStudio.TestTools.TestTypes.Unit.UnitTestAdapter, Microsoft.VisualStudio.QualityTools.Tips.UnitTest.Adapter, Version=11.0.0.0, Culture=neutral, PublicKeyToken=b03f5f7f11d50a3a" className="test.ETL_helper_defineNewStepSproc_UT, test, Version=1.0.0.0, Culture=neutral, PublicKeyToken=null" name="ETL_helper_defineNewStepSproc_Error_stepAlreadyExists" />
    </UnitTest>
    <UnitTest name="ETL_helper_warningWriteTest_jobInstanceIdParameter" storage="test.dll" id="5bb0ca4a-56ad-3a56-5b24-2c735a211bbd">
      <Execution id="85d8267a-6c42-4660-b23e-e11135f7ff5c" />
      <TestMethod codeBase="path/to/test/dll/test.dll" adapterTypeName="Microsoft.VisualStudio.TestTools.TestTypes.Unit.UnitTestAdapter, Microsoft.VisualStudio.QualityTools.Tips.UnitTest.Adapter, Version=11.0.0.0, Culture=neutral, PublicKeyToken=b03f5f7f11d50a3a" className="test.ETL_helper_warningWrite_UT, test, Version=1.0.0.0, Culture=neutral, PublicKeyToken=null" name="ETL_helper_warningWriteTest_jobInstanceIdParameter" />
    </UnitTest>
    <UnitTest name="dbo_fnCheckValidOptions_stepInstance" storage="test.dll" id="dc91803b-5134-01c1-d7aa-f5d420a7e71a">
      <Execution id="4b573a36-f75e-4876-a989-2470fa5a5ebc" />
      <TestMethod codeBase="path/to/test/dll/test.dll" adapterTypeName="Microsoft.VisualStudio.TestTools.TestTypes.Unit.UnitTestAdapter, Microsoft.VisualStudio.QualityTools.Tips.UnitTest.Adapter, Version=11.0.0.0, Culture=neutral, PublicKeyToken=b03f5f7f11d50a3a" className="test.dbo_fnCheckValidOptions_UT, test, Version=1.0.0.0, Culture=neutral, PublicKeyToken=null" name="dbo_fnCheckValidOptions_stepInstance" />
    </UnitTest>
    <UnitTest name="ETL_framework_packageStart_Child_ProjectSpecificParent_NoProjectId" storage="test.dll" id="cb3e4b13-64bf-124b-fff7-5819d9039fbf">
      <Execution id="7e75dbd4-5bc2-4064-8811-bd6240bc59d0" />
      <TestMethod codeBase="path/to/test/dll/test.dll" adapterTypeName="Microsoft.VisualStudio.TestTools.TestTypes.Unit.UnitTestAdapter, Microsoft.VisualStudio.QualityTools.Tips.UnitTest.Adapter, Version=11.0.0.0, Culture=neutral, PublicKeyToken=b03f5f7f11d50a3a" className="test.ETL_framework_packageStart_UT, test, Version=1.0.0.0, Culture=neutral, PublicKeyToken=null" name="ETL_framework_packageStart_Child_ProjectSpecificParent_NoProjectId" />
    </UnitTest>
    <UnitTest name="ETL_helper_objectStoreInsertISPAC_Error_CleanedUp" storage="test.dll" id="6f88e808-a6e2-1c2d-9584-30d6f1318fa3">
      <Execution id="64de2178-2e08-4934-ab78-44b10ce0e9f8" />
      <TestMethod codeBase="path/to/test/dll/test.dll" adapterTypeName="Microsoft.VisualStudio.TestTools.TestTypes.Unit.UnitTestAdapter, Microsoft.VisualStudio.QualityTools.Tips.UnitTest.Adapter, Version=11.0.0.0, Culture=neutral, PublicKeyToken=b03f5f7f11d50a3a" className="test.ETL_helper_objectStoreInsertISPAC, test, Version=1.0.0.0, Culture=neutral, PublicKeyToken=null" name="ETL_helper_objectStoreInsertISPAC_Error_CleanedUp" />
    </UnitTest>
    <UnitTest name="ETL_helper_logTableStart_withValidProject" storage="test.dll" id="e8678655-b2a0-49b9-447c-700d012913b8">
      <Execution id="ed6ec25a-6e3f-40c6-9851-25522d6415c5" />
      <TestMethod codeBase="path/to/test/dll/test.dll" adapterTypeName="Microsoft.VisualStudio.TestTools.TestTypes.Unit.UnitTestAdapter, Microsoft.VisualStudio.QualityTools.Tips.UnitTest.Adapter, Version=11.0.0.0, Culture=neutral, PublicKeyToken=b03f5f7f11d50a3a" className="test.ETL_helper_logTableStart_UT, test, Version=1.0.0.0, Culture=neutral, PublicKeyToken=null" name="ETL_helper_logTableStart_withValidProject" />
    </UnitTest>
    <UnitTest name="ETL_helper_defineNewStepSproc_Error_sprocDoesNotExist" storage="test.dll" id="8126622b-f319-2ea0-7bfa-1b92d09ee846">
      <Execution id="e9799dd5-0fcb-4377-adf3-efdc7751acab" />
      <TestMethod codeBase="path/to/test/dll/test.dll" adapterTypeName="Microsoft.VisualStudio.TestTools.TestTypes.Unit.UnitTestAdapter, Microsoft.VisualStudio.QualityTools.Tips.UnitTest.Adapter, Version=11.0.0.0, Culture=neutral, PublicKeyToken=b03f5f7f11d50a3a" className="test.ETL_helper_defineNewStepSproc_UT, test, Version=1.0.0.0, Culture=neutral, PublicKeyToken=null" name="ETL_helper_defineNewStepSproc_Error_sprocDoesNotExist" />
    </UnitTest>
    <UnitTest name="ETL_helper_warningWriteTest_allParameters" storage="test.dll" id="b1c1a495-8082-e182-df9d-76902a064934">
      <Execution id="7815c3c3-3fed-48b0-a464-b3b8f37e0db7" />
      <TestMethod codeBase="path/to/test/dll/test.dll" adapterTypeName="Microsoft.VisualStudio.TestTools.TestTypes.Unit.UnitTestAdapter, Microsoft.VisualStudio.QualityTools.Tips.UnitTest.Adapter, Version=11.0.0.0, Culture=neutral, PublicKeyToken=b03f5f7f11d50a3a" className="test.ETL_helper_warningWrite_UT, test, Version=1.0.0.0, Culture=neutral, PublicKeyToken=null" name="ETL_helper_warningWriteTest_allParameters" />
    </UnitTest>
    <UnitTest name="ETL_step_updateStepInstance_Running" storage="test.dll" id="6f8feaed-3dd0-e229-7482-3a0efe36dbe1">
      <Execution id="3284f1ff-e056-4dae-8eeb-8bb8f0d494d2" />
      <TestMethod codeBase="path/to/test/dll/test.dll" adapterTypeName="Microsoft.VisualStudio.TestTools.TestTypes.Unit.UnitTestAdapter, Microsoft.VisualStudio.QualityTools.Tips.UnitTest.Adapter, Version=11.0.0.0, Culture=neutral, PublicKeyToken=b03f5f7f11d50a3a" className="test.ETL_step_updateStepInstance_UT, test, Version=1.0.0.0, Culture=neutral, PublicKeyToken=null" name="ETL_step_updateStepInstance_Running" />
    </UnitTest>
    <UnitTest name="ETL_helper_objectStoreInsert_Error_UnknownObjectType" storage="test.dll" id="d7a4e912-205c-866f-a226-2ef21714f0be">
      <Execution id="7f0e8910-826a-46da-8ac8-acfa4801ee08" />
      <TestMethod codeBase="path/to/test/dll/test.dll" adapterTypeName="Microsoft.VisualStudio.TestTools.TestTypes.Unit.UnitTestAdapter, Microsoft.VisualStudio.QualityTools.Tips.UnitTest.Adapter, Version=11.0.0.0, Culture=neutral, PublicKeyToken=b03f5f7f11d50a3a" className="test.ETL_helper_objectStoreInsert, test, Version=1.0.0.0, Culture=neutral, PublicKeyToken=null" name="ETL_helper_objectStoreInsert_Error_UnknownObjectType" />
    </UnitTest>
    <UnitTest name="STAGE_mergeProjectTest" storage="test.dll" id="093eaae8-d890-4487-b410-9a0df88a4173">
      <Execution id="0ad01e29-ae5a-4ff5-a274-e1e1d3ae4651" />
      <TestMethod codeBase="path/to/test/dll/test.dll" adapterTypeName="Microsoft.VisualStudio.TestTools.TestTypes.Unit.UnitTestAdapter, Microsoft.VisualStudio.QualityTools.Tips.UnitTest.Adapter, Version=11.0.0.0, Culture=neutral, PublicKeyToken=b03f5f7f11d50a3a" className="test.STAGE_mergeProject_UT, test, Version=1.0.0.0, Culture=neutral, PublicKeyToken=null" name="STAGE_mergeProjectTest" />
    </UnitTest>
    <UnitTest name="dbo_fnGetIdTableFromListTest" storage="test.dll" id="519fb66b-4ab0-c02e-142a-a873cbead908">
      <Execution id="5d73ccf4-6fd4-43fb-be03-7a68af091ed5" />
      <TestMethod codeBase="path/to/test/dll/test.dll" adapterTypeName="Microsoft.VisualStudio.TestTools.TestTypes.Unit.UnitTestAdapter, Microsoft.VisualStudio.QualityTools.Tips.UnitTest.Adapter, Version=11.0.0.0, Culture=neutral, PublicKeyToken=b03f5f7f11d50a3a" className="test.dbo_fnGetIdTableFromList_UT, test, Version=1.0.0.0, Culture=neutral, PublicKeyToken=null" name="dbo_fnGetIdTableFromListTest" />
    </UnitTest>
    <UnitTest name="ETL_helper_lateArrivingProjectId_withValidProject" storage="test.dll" id="ec7ebffd-9e89-69fd-2b86-6c46054d84a2">
      <Execution id="eb39d0ac-9885-414d-91a7-0f5e263aa6b6" />
      <TestMethod codeBase="path/to/test/dll/test.dll" adapterTypeName="Microsoft.VisualStudio.TestTools.TestTypes.Unit.UnitTestAdapter, Microsoft.VisualStudio.QualityTools.Tips.UnitTest.Adapter, Version=11.0.0.0, Culture=neutral, PublicKeyToken=b03f5f7f11d50a3a" className="test.ETL_helper_lateArrivingProjectId_UT, test, Version=1.0.0.0, Culture=neutral, PublicKeyToken=null" name="ETL_helper_lateArrivingProjectId_withValidProject" />
    </UnitTest>
    <UnitTest name="ETL_helper_startJobTest" storage="test.dll" id="f08b8bbd-f087-c366-8cb8-467284add925">
      <TestCategory>
        <TestCategoryItem TestCategory="SSIS Catalog" />
      </TestCategory>
      <Execution id="57d0908d-07e8-42f4-9be5-ffe4555401fa" />
      <TestMethod codeBase="path/to/test/dll/test.dll" adapterTypeName="Microsoft.VisualStudio.TestTools.TestTypes.Unit.UnitTestAdapter, Microsoft.VisualStudio.QualityTools.Tips.UnitTest.Adapter, Version=11.0.0.0, Culture=neutral, PublicKeyToken=b03f5f7f11d50a3a" className="test.ETL_helper_startJob_UT, test, Version=1.0.0.0, Culture=neutral, PublicKeyToken=null" name="ETL_helper_startJobTest" />
    </UnitTest>
    <UnitTest name="dbo_fnCheckValidOptions_checkConstraint" storage="test.dll" id="29726a10-4f21-6e46-8e1d-526b256c0243">
      <Execution id="531de7d4-cc04-46cd-82b7-98e19de89024" />
      <TestMethod codeBase="path/to/test/dll/test.dll" adapterTypeName="Microsoft.VisualStudio.TestTools.TestTypes.Unit.UnitTestAdapter, Microsoft.VisualStudio.QualityTools.Tips.UnitTest.Adapter, Version=11.0.0.0, Culture=neutral, PublicKeyToken=b03f5f7f11d50a3a" className="test.dbo_fnCheckValidOptions_UT, test, Version=1.0.0.0, Culture=neutral, PublicKeyToken=null" name="dbo_fnCheckValidOptions_checkConstraint" />
    </UnitTest>
    <UnitTest name="ETL_helper_lateArrivingProjectId_withoutValidProject" storage="test.dll" id="511faa74-ef29-4ef4-0ee3-491376d23e9b">
      <Execution id="a6a6a9c3-c43e-4449-b148-07a6089ba9b7" />
      <TestMethod codeBase="path/to/test/dll/test.dll" adapterTypeName="Microsoft.VisualStudio.TestTools.TestTypes.Unit.UnitTestAdapter, Microsoft.VisualStudio.QualityTools.Tips.UnitTest.Adapter, Version=11.0.0.0, Culture=neutral, PublicKeyToken=b03f5f7f11d50a3a" className="test.ETL_helper_lateArrivingProjectId_UT, test, Version=1.0.0.0, Culture=neutral, PublicKeyToken=null" name="ETL_helper_lateArrivingProjectId_withoutValidProject" />
    </UnitTest>
    <UnitTest name="ETL_catalog_getExecutionSysInfoTest" storage="test.dll" id="45c637e3-f568-fd03-9ff5-879a63fac1a0">
      <TestCategory>
        <TestCategoryItem TestCategory="SSIS Catalog" />
      </TestCategory>
      <Execution id="5a00c565-24d8-4382-8a21-54735ee1e167" />
      <TestMethod codeBase="path/to/test/dll/test.dll" adapterTypeName="Microsoft.VisualStudio.TestTools.TestTypes.Unit.UnitTestAdapter, Microsoft.VisualStudio.QualityTools.Tips.UnitTest.Adapter, Version=11.0.0.0, Culture=neutral, PublicKeyToken=b03f5f7f11d50a3a" className="test.ETL_catalog_getExecutionSysInfo_UT, test, Version=1.0.0.0, Culture=neutral, PublicKeyToken=null" name="ETL_catalog_getExecutionSysInfoTest" />
    </UnitTest>
    <UnitTest name="ETL_helper_finishStep_with1Step" storage="test.dll" id="8f0ee6fc-fb5a-eebf-db7e-e7fe732044b7">
      <Execution id="3f6b2ba1-251c-419c-be21-86507677497a" />
      <TestMethod codeBase="path/to/test/dll/test.dll" adapterTypeName="Microsoft.VisualStudio.TestTools.TestTypes.Unit.UnitTestAdapter, Microsoft.VisualStudio.QualityTools.Tips.UnitTest.Adapter, Version=11.0.0.0, Culture=neutral, PublicKeyToken=b03f5f7f11d50a3a" className="test.ETL_helper_finishStep_UT, test, Version=1.0.0.0, Culture=neutral, PublicKeyToken=null" name="ETL_helper_finishStep_with1Step" />
    </UnitTest>
    <UnitTest name="ETL_framework_projectEndTest" storage="test.dll" id="db6be25f-bbc0-f3cb-cddc-68be338576df">
      <Execution id="b1a14008-5d72-44ae-bf47-82561b01e959" />
      <TestMethod codeBase="path/to/test/dll/test.dll" adapterTypeName="Microsoft.VisualStudio.TestTools.TestTypes.Unit.UnitTestAdapter, Microsoft.VisualStudio.QualityTools.Tips.UnitTest.Adapter, Version=11.0.0.0, Culture=neutral, PublicKeyToken=b03f5f7f11d50a3a" className="test.ETL_framework_projectEnd_UT, test, Version=1.0.0.0, Culture=neutral, PublicKeyToken=null" name="ETL_framework_projectEndTest" />
    </UnitTest>
    <UnitTest name="ETL_job_insertJobTest" storage="test.dll" id="ac5ebfa8-72f6-c232-3105-4928ceab5b00">
      <Execution id="3ff09acb-2943-483a-bf43-231bcdb96e02" />
      <TestMethod codeBase="path/to/test/dll/test.dll" adapterTypeName="Microsoft.VisualStudio.TestTools.TestTypes.Unit.UnitTestAdapter, Microsoft.VisualStudio.QualityTools.Tips.UnitTest.Adapter, Version=11.0.0.0, Culture=neutral, PublicKeyToken=b03f5f7f11d50a3a" className="test.ETL_job_insertJob_UT, test, Version=1.0.0.0, Culture=neutral, PublicKeyToken=null" name="ETL_job_insertJobTest" />
    </UnitTest>
    <UnitTest name="ETL_helper_warningWriteTest_sourceParameter" storage="test.dll" id="bbf9f8ad-9f28-41c4-56ea-79d4b4864b9c">
      <Execution id="14696865-85f6-4c39-8127-af91159fe56d" />
      <TestMethod codeBase="path/to/test/dll/test.dll" adapterTypeName="Microsoft.VisualStudio.TestTools.TestTypes.Unit.UnitTestAdapter, Microsoft.VisualStudio.QualityTools.Tips.UnitTest.Adapter, Version=11.0.0.0, Culture=neutral, PublicKeyToken=b03f5f7f11d50a3a" className="test.ETL_helper_warningWrite_UT, test, Version=1.0.0.0, Culture=neutral, PublicKeyToken=null" name="ETL_helper_warningWriteTest_sourceParameter" />
    </UnitTest>
    <UnitTest name="ETL_framework_packageStart_Child_DifferentProjectIdFromParent" storage="test.dll" id="08ceb4b1-0002-271d-d504-d5ca42d0971d">
      <Execution id="3fc91338-9148-45e9-8547-463435fe3d15" />
      <TestMethod codeBase="path/to/test/dll/test.dll" adapterTypeName="Microsoft.VisualStudio.TestTools.TestTypes.Unit.UnitTestAdapter, Microsoft.VisualStudio.QualityTools.Tips.UnitTest.Adapter, Version=11.0.0.0, Culture=neutral, PublicKeyToken=b03f5f7f11d50a3a" className="test.ETL_framework_packageStart_UT, test, Version=1.0.0.0, Culture=neutral, PublicKeyToken=null" name="ETL_framework_packageStart_Child_DifferentProjectIdFromParent" />
    </UnitTest>
    <UnitTest name="ETL_helper_errorWriteTest" storage="test.dll" id="848c7a1d-f7b7-6b9a-f3e6-fa78d9d37cb1">
      <Execution id="e9b7bfec-d7a1-477d-9d49-749081860a06" />
      <TestMethod codeBase="path/to/test/dll/test.dll" adapterTypeName="Microsoft.VisualStudio.TestTools.TestTypes.Unit.UnitTestAdapter, Microsoft.VisualStudio.QualityTools.Tips.UnitTest.Adapter, Version=11.0.0.0, Culture=neutral, PublicKeyToken=b03f5f7f11d50a3a" className="test.ETL_helper_errorWrite_UT, test, Version=1.0.0.0, Culture=neutral, PublicKeyToken=null" name="ETL_helper_errorWriteTest" />
    </UnitTest>
    <UnitTest name="ETL_framework_packageStart_GrandChild_ProjectSpecific" storage="test.dll" id="ebf2efd3-ccb3-66af-44df-4f2268697a0f">
      <Execution id="d5c4cb54-155e-4be0-b210-1bb7b983d4ee" />
      <TestMethod codeBase="path/to/test/dll/test.dll" adapterTypeName="Microsoft.VisualStudio.TestTools.TestTypes.Unit.UnitTestAdapter, Microsoft.VisualStudio.QualityTools.Tips.UnitTest.Adapter, Version=11.0.0.0, Culture=neutral, PublicKeyToken=b03f5f7f11d50a3a" className="test.ETL_framework_packageStart_UT, test, Version=1.0.0.0, Culture=neutral, PublicKeyToken=null" name="ETL_framework_packageStart_GrandChild_ProjectSpecific" />
    </UnitTest>
    <UnitTest name="ETL_step_insertStepInstanceTest" storage="test.dll" id="8e260cf6-3610-3cde-23a5-f006cb5f4db0">
      <Execution id="2566d426-f064-4cb1-92ea-a67e2af7d0ba" />
      <TestMethod codeBase="path/to/test/dll/test.dll" adapterTypeName="Microsoft.VisualStudio.TestTools.TestTypes.Unit.UnitTestAdapter, Microsoft.VisualStudio.QualityTools.Tips.UnitTest.Adapter, Version=11.0.0.0, Culture=neutral, PublicKeyToken=b03f5f7f11d50a3a" className="test.ETL_step_insertStepInstance_UT, test, Version=1.0.0.0, Culture=neutral, PublicKeyToken=null" name="ETL_step_insertStepInstanceTest" />
    </UnitTest>
    <UnitTest name="ETL_catalog_getExecutionStatisticsTest" storage="test.dll" id="5ffd5e01-2da0-a2d0-3133-a7a66b081bb5">
      <TestCategory>
        <TestCategoryItem TestCategory="SSIS Catalog" />
      </TestCategory>
      <Execution id="bb738aca-f472-40ec-8f02-2f4a3881fd33" />
      <TestMethod codeBase="path/to/test/dll/test.dll" adapterTypeName="Microsoft.VisualStudio.TestTools.TestTypes.Unit.UnitTestAdapter, Microsoft.VisualStudio.QualityTools.Tips.UnitTest.Adapter, Version=11.0.0.0, Culture=neutral, PublicKeyToken=b03f5f7f11d50a3a" className="test.ETL_catalog_getExecutionStatistics_UT, test, Version=1.0.0.0, Culture=neutral, PublicKeyToken=null" name="ETL_catalog_getExecutionStatisticsTest" />
    </UnitTest>
    <UnitTest name="ETL_helper_queueJob_noProject_or_Group" storage="test.dll" id="d9539e3b-1291-529f-b519-48a3546628b6">
      <Execution id="46198e7c-23a2-49d2-90b6-cad1d7bf901a" />
      <TestMethod codeBase="path/to/test/dll/test.dll" adapterTypeName="Microsoft.VisualStudio.TestTools.TestTypes.Unit.UnitTestAdapter, Microsoft.VisualStudio.QualityTools.Tips.UnitTest.Adapter, Version=11.0.0.0, Culture=neutral, PublicKeyToken=b03f5f7f11d50a3a" className="test.ETL_helper_queueJob_UT, test, Version=1.0.0.0, Culture=neutral, PublicKeyToken=null" name="ETL_helper_queueJob_noProject_or_Group" />
    </UnitTest>
    <UnitTest name="STAGE_fixMissingLinks_tableLogProject" storage="test.dll" id="7cffc5bf-b219-ed3e-8f7d-5230b9a06e9d">
      <Execution id="026fb0fa-bf84-4014-94c7-43659133e078" />
      <TestMethod codeBase="path/to/test/dll/test.dll" adapterTypeName="Microsoft.VisualStudio.TestTools.TestTypes.Unit.UnitTestAdapter, Microsoft.VisualStudio.QualityTools.Tips.UnitTest.Adapter, Version=11.0.0.0, Culture=neutral, PublicKeyToken=b03f5f7f11d50a3a" className="test.STAGE_fixMissingLinks_UT, test, Version=1.0.0.0, Culture=neutral, PublicKeyToken=null" name="STAGE_fixMissingLinks_tableLogProject" />
    </UnitTest>
    <UnitTest name="ETL_helper_objectStoreInsert_Error_BadFileExtension" storage="test.dll" id="8c1d0f7b-8579-3343-ec20-6d988bfb6f2b">
      <Execution id="f9608ec7-e2b6-4373-9513-0a88c53ec1bf" />
      <TestMethod codeBase="path/to/test/dll/test.dll" adapterTypeName="Microsoft.VisualStudio.TestTools.TestTypes.Unit.UnitTestAdapter, Microsoft.VisualStudio.QualityTools.Tips.UnitTest.Adapter, Version=11.0.0.0, Culture=neutral, PublicKeyToken=b03f5f7f11d50a3a" className="test.ETL_helper_objectStoreInsert, test, Version=1.0.0.0, Culture=neutral, PublicKeyToken=null" name="ETL_helper_objectStoreInsert_Error_BadFileExtension" />
    </UnitTest>
    <UnitTest name="ETL_helper_objectStoreInsert_GeneralISPAC_Insert" storage="test.dll" id="fed4cbd5-a0c9-29e3-e7d3-3684495d7697">
      <Execution id="cc50f312-a86a-4618-b487-18e21d997947" />
      <TestMethod codeBase="path/to/test/dll/test.dll" adapterTypeName="Microsoft.VisualStudio.TestTools.TestTypes.Unit.UnitTestAdapter, Microsoft.VisualStudio.QualityTools.Tips.UnitTest.Adapter, Version=11.0.0.0, Culture=neutral, PublicKeyToken=b03f5f7f11d50a3a" className="test.ETL_helper_objectStoreInsert, test, Version=1.0.0.0, Culture=neutral, PublicKeyToken=null" name="ETL_helper_objectStoreInsert_GeneralISPAC_Insert" />
    </UnitTest>
    <UnitTest name="ETL_log_insertLog_attachedToJobStepTask" storage="test.dll" id="99c32d2e-8b99-f797-2b4d-6c46aea51096">
      <Execution id="5127a024-ad83-4a4f-a0d2-f2d8f2507914" />
      <TestMethod codeBase="path/to/test/dll/test.dll" adapterTypeName="Microsoft.VisualStudio.TestTools.TestTypes.Unit.UnitTestAdapter, Microsoft.VisualStudio.QualityTools.Tips.UnitTest.Adapter, Version=11.0.0.0, Culture=neutral, PublicKeyToken=b03f5f7f11d50a3a" className="test.ETL_log_insertLog_UT, test, Version=1.0.0.0, Culture=neutral, PublicKeyToken=null" name="ETL_log_insertLog_attachedToJobStepTask" />
    </UnitTest>
    <UnitTest name="CFG_helper_getMetricDefinition_insertNew" storage="test.dll" id="5677e893-d7c1-f6bd-7365-c179b9b72fe7">
      <Execution id="83294790-966d-4667-99c9-ef81344fde2b" />
      <TestMethod codeBase="path/to/test/dll/test.dll" adapterTypeName="Microsoft.VisualStudio.TestTools.TestTypes.Unit.UnitTestAdapter, Microsoft.VisualStudio.QualityTools.Tips.UnitTest.Adapter, Version=11.0.0.0, Culture=neutral, PublicKeyToken=b03f5f7f11d50a3a" className="test.CFG_helper_getMetricDefinition_UT, test, Version=1.0.0.0, Culture=neutral, PublicKeyToken=null" name="CFG_helper_getMetricDefinition_insertNew" />
    </UnitTest>
    <UnitTest name="ETL_step_insertStepTest" storage="test.dll" id="1c8d68ef-ef52-7fbf-ca40-e50c5affb549">
      <Execution id="e969344a-c143-42ec-9c16-f370fb8988f2" />
      <TestMethod codeBase="path/to/test/dll/test.dll" adapterTypeName="Microsoft.VisualStudio.TestTools.TestTypes.Unit.UnitTestAdapter, Microsoft.VisualStudio.QualityTools.Tips.UnitTest.Adapter, Version=11.0.0.0, Culture=neutral, PublicKeyToken=b03f5f7f11d50a3a" className="test.ETL_step_insertStep_UT, test, Version=1.0.0.0, Culture=neutral, PublicKeyToken=null" name="ETL_step_insertStepTest" />
    </UnitTest>
    <UnitTest name="ETL_helper_queueJob_projectSpecific" storage="test.dll" id="fdc6906a-6d6f-9642-d74c-c02e007e32b2">
      <Execution id="7d9d52eb-ea3a-4037-98d3-3ad35c22a6bd" />
      <TestMethod codeBase="path/to/test/dll/test.dll" adapterTypeName="Microsoft.VisualStudio.TestTools.TestTypes.Unit.UnitTestAdapter, Microsoft.VisualStudio.QualityTools.Tips.UnitTest.Adapter, Version=11.0.0.0, Culture=neutral, PublicKeyToken=b03f5f7f11d50a3a" className="test.ETL_helper_queueJob_UT, test, Version=1.0.0.0, Culture=neutral, PublicKeyToken=null" name="ETL_helper_queueJob_projectSpecific" />
    </UnitTest>
    <UnitTest name="ETL_framework_packageStart_UseExistingStep" storage="test.dll" id="2310bb75-8882-23a2-0dd1-44a45e632cd5">
      <Execution id="84e36d5c-b7b5-4a1b-96c2-c62bed3eb176" />
      <TestMethod codeBase="path/to/test/dll/test.dll" adapterTypeName="Microsoft.VisualStudio.TestTools.TestTypes.Unit.UnitTestAdapter, Microsoft.VisualStudio.QualityTools.Tips.UnitTest.Adapter, Version=11.0.0.0, Culture=neutral, PublicKeyToken=b03f5f7f11d50a3a" className="test.ETL_framework_packageStart_UT, test, Version=1.0.0.0, Culture=neutral, PublicKeyToken=null" name="ETL_framework_packageStart_UseExistingStep" />
    </UnitTest>
    <UnitTest name="ETL_helper_getTableReferenceDate_recordsInStagingAndTableLog" storage="test.dll" id="6b001464-d13e-127d-8889-e596c37deede">
      <Execution id="5f6d9368-c20c-4e11-b68f-73ba78e0fa00" />
      <TestMethod codeBase="path/to/test/dll/test.dll" adapterTypeName="Microsoft.VisualStudio.TestTools.TestTypes.Unit.UnitTestAdapter, Microsoft.VisualStudio.QualityTools.Tips.UnitTest.Adapter, Version=11.0.0.0, Culture=neutral, PublicKeyToken=b03f5f7f11d50a3a" className="test.ETL_helper_getTableReferenceDate, test, Version=1.0.0.0, Culture=neutral, PublicKeyToken=null" name="ETL_helper_getTableReferenceDate_recordsInStagingAndTableLog" />
    </UnitTest>
    <UnitTest name="ETL_helper_objectStoreInsert_ProjectISPAC_Update" storage="test.dll" id="50c97857-a761-307f-f0da-cb5669d98953">
      <Execution id="c2c81148-4dcf-4c6e-8592-8232b7f7e47c" />
      <TestMethod codeBase="path/to/test/dll/test.dll" adapterTypeName="Microsoft.VisualStudio.TestTools.TestTypes.Unit.UnitTestAdapter, Microsoft.VisualStudio.QualityTools.Tips.UnitTest.Adapter, Version=11.0.0.0, Culture=neutral, PublicKeyToken=b03f5f7f11d50a3a" className="test.ETL_helper_objectStoreInsert, test, Version=1.0.0.0, Culture=neutral, PublicKeyToken=null" name="ETL_helper_objectStoreInsert_ProjectISPAC_Update" />
    </UnitTest>
    <UnitTest name="ETL_framework_taskEndTest" storage="test.dll" id="8dbc9947-7cae-00e7-ae54-bdae7b76511e">
      <Execution id="b58566c4-dca4-4f8e-9d77-c517e21923fb" />
      <TestMethod codeBase="path/to/test/dll/test.dll" adapterTypeName="Microsoft.VisualStudio.TestTools.TestTypes.Unit.UnitTestAdapter, Microsoft.VisualStudio.QualityTools.Tips.UnitTest.Adapter, Version=11.0.0.0, Culture=neutral, PublicKeyToken=b03f5f7f11d50a3a" className="test.ETL_framework_taskEnd_UT, test, Version=1.0.0.0, Culture=neutral, PublicKeyToken=null" name="ETL_framework_taskEndTest" />
    </UnitTest>
    <UnitTest name="ETL_framework_logMetric_int" storage="test.dll" id="5a893c7c-d985-0681-a71e-63b64e0befd9">
      <Execution id="ec36f79a-aaa9-477a-9ffa-49c2e0e0a24d" />
      <TestMethod codeBase="path/to/test/dll/test.dll" adapterTypeName="Microsoft.VisualStudio.TestTools.TestTypes.Unit.UnitTestAdapter, Microsoft.VisualStudio.QualityTools.Tips.UnitTest.Adapter, Version=11.0.0.0, Culture=neutral, PublicKeyToken=b03f5f7f11d50a3a" className="test.ETL_framework_logMetric_UT, test, Version=1.0.0.0, Culture=neutral, PublicKeyToken=null" name="ETL_framework_logMetric_int" />
    </UnitTest>
    <UnitTest name="ETL_helper_debugWriteTest_allParameters" storage="test.dll" id="4ba1cbc5-eda4-195b-0227-9273f6f5a92c">
      <Execution id="877ce367-e382-4266-aa7d-7b1c8a13b517" />
      <TestMethod codeBase="path/to/test/dll/test.dll" adapterTypeName="Microsoft.VisualStudio.TestTools.TestTypes.Unit.UnitTestAdapter, Microsoft.VisualStudio.QualityTools.Tips.UnitTest.Adapter, Version=11.0.0.0, Culture=neutral, PublicKeyToken=b03f5f7f11d50a3a" className="test.ETL_helper_debugWrite_UT, test, Version=1.0.0.0, Culture=neutral, PublicKeyToken=null" name="ETL_helper_debugWriteTest_allParameters" />
    </UnitTest>
    <UnitTest name="STAGE_fixMissingLinks_jobInstanceProject" storage="test.dll" id="372e65bf-77aa-edb3-f793-cd8bf8262d6a">
      <Execution id="f456d0a8-95af-474c-99c5-1cc0ce5a0d3d" />
      <TestMethod codeBase="path/to/test/dll/test.dll" adapterTypeName="Microsoft.VisualStudio.TestTools.TestTypes.Unit.UnitTestAdapter, Microsoft.VisualStudio.QualityTools.Tips.UnitTest.Adapter, Version=11.0.0.0, Culture=neutral, PublicKeyToken=b03f5f7f11d50a3a" className="test.STAGE_fixMissingLinks_UT, test, Version=1.0.0.0, Culture=neutral, PublicKeyToken=null" name="STAGE_fixMissingLinks_jobInstanceProject" />
    </UnitTest>
    <UnitTest name="ETL_helper_defineNewJob_withMultipleSteps" storage="test.dll" id="062fd20e-f1a3-492f-80c2-ee30a15aab9c">
      <Execution id="43a7e41d-05e3-41fe-be7f-019df6101168" />
      <TestMethod codeBase="path/to/test/dll/test.dll" adapterTypeName="Microsoft.VisualStudio.TestTools.TestTypes.Unit.UnitTestAdapter, Microsoft.VisualStudio.QualityTools.Tips.UnitTest.Adapter, Version=11.0.0.0, Culture=neutral, PublicKeyToken=b03f5f7f11d50a3a" className="test.ETL_helper_defineNewJob_UT, test, Version=1.0.0.0, Culture=neutral, PublicKeyToken=null" name="ETL_helper_defineNewJob_withMultipleSteps" />
    </UnitTest>
    <UnitTest name="ETL_job_insertJobDefinitionTest" storage="test.dll" id="15969d94-066c-33bf-1750-37377c2ccf77">
      <Execution id="14b9b681-3128-4f7b-82ab-146257465469" />
      <TestMethod codeBase="path/to/test/dll/test.dll" adapterTypeName="Microsoft.VisualStudio.TestTools.TestTypes.Unit.UnitTestAdapter, Microsoft.VisualStudio.QualityTools.Tips.UnitTest.Adapter, Version=11.0.0.0, Culture=neutral, PublicKeyToken=b03f5f7f11d50a3a" className="test.ETL_job_insertJobDefinition_UT, test, Version=1.0.0.0, Culture=neutral, PublicKeyToken=null" name="ETL_job_insertJobDefinitionTest" />
    </UnitTest>
    <UnitTest name="ETL_GetObjectStoreIdTest" storage="test.dll" id="3414297b-9770-b3ca-2bf9-a1d03f4d7485">
      <Execution id="229d3adc-be05-4db8-bf36-0a0c91fa01f0" />
      <TestMethod codeBase="path/to/test/dll/test.dll" adapterTypeName="Microsoft.VisualStudio.TestTools.TestTypes.Unit.UnitTestAdapter, Microsoft.VisualStudio.QualityTools.Tips.UnitTest.Adapter, Version=11.0.0.0, Culture=neutral, PublicKeyToken=b03f5f7f11d50a3a" className="test.ETL_GetObjectStoreId_UT, test, Version=1.0.0.0, Culture=neutral, PublicKeyToken=null" name="ETL_GetObjectStoreIdTest" />
    </UnitTest>
    <UnitTest name="ETL_framework_packageStart_Debugging_UseExistingStep" storage="test.dll" id="57f7a741-d962-9806-3e0d-00934660bfe4">
      <Execution id="d4a26635-8320-48ba-9bab-e513b90738a4" />
      <TestMethod codeBase="path/to/test/dll/test.dll" adapterTypeName="Microsoft.VisualStudio.TestTools.TestTypes.Unit.UnitTestAdapter, Microsoft.VisualStudio.QualityTools.Tips.UnitTest.Adapter, Version=11.0.0.0, Culture=neutral, PublicKeyToken=b03f5f7f11d50a3a" className="test.ETL_framework_packageStart_UT, test, Version=1.0.0.0, Culture=neutral, PublicKeyToken=null" name="ETL_framework_packageStart_Debugging_UseExistingStep" />
    </UnitTest>
    <UnitTest name="ETL_framework_taskStart_byTaskGUID" storage="test.dll" id="1ddb994e-69d7-e2c8-0758-3ae4eedfab8d">
      <Execution id="8185a913-7655-4368-b60b-f00e9858cba8" />
      <TestMethod codeBase="path/to/test/dll/test.dll" adapterTypeName="Microsoft.VisualStudio.TestTools.TestTypes.Unit.UnitTestAdapter, Microsoft.VisualStudio.QualityTools.Tips.UnitTest.Adapter, Version=11.0.0.0, Culture=neutral, PublicKeyToken=b03f5f7f11d50a3a" className="test.ETL_framework_taskStart_UT, test, Version=1.0.0.0, Culture=neutral, PublicKeyToken=null" name="ETL_framework_taskStart_byTaskGUID" />
    </UnitTest>
    <UnitTest name="ETL_helper_defineNewStepSproc_successfulUpdate" storage="test.dll" id="2f2e7c19-87ba-df3d-9cea-66e0d2d4debe">
      <Execution id="4bd0222f-f526-4043-8c46-8095077ceedf" />
      <TestMethod codeBase="path/to/test/dll/test.dll" adapterTypeName="Microsoft.VisualStudio.TestTools.TestTypes.Unit.UnitTestAdapter, Microsoft.VisualStudio.QualityTools.Tips.UnitTest.Adapter, Version=11.0.0.0, Culture=neutral, PublicKeyToken=b03f5f7f11d50a3a" className="test.ETL_helper_defineNewStepSproc_UT, test, Version=1.0.0.0, Culture=neutral, PublicKeyToken=null" name="ETL_helper_defineNewStepSproc_successfulUpdate" />
    </UnitTest>
    <UnitTest name="ETL_framework_packageEnd_RunningSteps" storage="test.dll" id="ad4bbaae-315b-da70-514b-85d1156a3a46">
      <Execution id="59715291-56bb-4f90-b1d5-4d4d95a3472c" />
      <TestMethod codeBase="path/to/test/dll/test.dll" adapterTypeName="Microsoft.VisualStudio.TestTools.TestTypes.Unit.UnitTestAdapter, Microsoft.VisualStudio.QualityTools.Tips.UnitTest.Adapter, Version=11.0.0.0, Culture=neutral, PublicKeyToken=b03f5f7f11d50a3a" className="test.ETL_framework_packageEnd_UT, test, Version=1.0.0.0, Culture=neutral, PublicKeyToken=null" name="ETL_framework_packageEnd_RunningSteps" />
    </UnitTest>
    <UnitTest name="ETL_framework_projectStart_packageStartedFromController" storage="test.dll" id="76dd94e1-fd8d-b403-8e8f-53e2ac9b35e9">
      <Execution id="575d8961-c2d5-4e17-b6be-d3af351d4961" />
      <TestMethod codeBase="path/to/test/dll/test.dll" adapterTypeName="Microsoft.VisualStudio.TestTools.TestTypes.Unit.UnitTestAdapter, Microsoft.VisualStudio.QualityTools.Tips.UnitTest.Adapter, Version=11.0.0.0, Culture=neutral, PublicKeyToken=b03f5f7f11d50a3a" className="test.ETL_framework_projectStart_UT, test, Version=1.0.0.0, Culture=neutral, PublicKeyToken=null" name="ETL_framework_projectStart_packageStartedFromController" />
    </UnitTest>
    <UnitTest name="ETL_catalog_deployProject_Error_NoObjectInStore" storage="test.dll" id="94e46a78-ced1-5460-ee0b-3f2259ff223b">
      <Execution id="8b384eea-d716-488f-ad7c-21b7358ef479" />
      <TestMethod codeBase="path/to/test/dll/test.dll" adapterTypeName="Microsoft.VisualStudio.TestTools.TestTypes.Unit.UnitTestAdapter, Microsoft.VisualStudio.QualityTools.Tips.UnitTest.Adapter, Version=11.0.0.0, Culture=neutral, PublicKeyToken=b03f5f7f11d50a3a" className="test.ETL_catalog_deployProject_UT, test, Version=1.0.0.0, Culture=neutral, PublicKeyToken=null" name="ETL_catalog_deployProject_Error_NoObjectInStore" />
    </UnitTest>
    <UnitTest name="CFG_administration_deleteJobInstance_NoDelete" storage="test.dll" id="e1049faa-f9d5-0cbb-98c1-ba9933563daf">
      <Execution id="a0d59abb-4e65-454b-9ca7-30e32b03a0a9" />
      <TestMethod codeBase="path/to/test/dll/test.dll" adapterTypeName="Microsoft.VisualStudio.TestTools.TestTypes.Unit.UnitTestAdapter, Microsoft.VisualStudio.QualityTools.Tips.UnitTest.Adapter, Version=11.0.0.0, Culture=neutral, PublicKeyToken=b03f5f7f11d50a3a" className="test.CFG_administration_deleteJobInstance_UT, test, Version=1.0.0.0, Culture=neutral, PublicKeyToken=null" name="CFG_administration_deleteJobInstance_NoDelete" />
    </UnitTest>
    <UnitTest name="ETL_framework_taskStart_byTaskGUIDandStepInstanceId" storage="test.dll" id="2615d453-e43c-bb80-faf4-c9d2cc04e83e">
      <Execution id="9258a698-9860-4e8d-bf67-3dadccf386c8" />
      <TestMethod codeBase="path/to/test/dll/test.dll" adapterTypeName="Microsoft.VisualStudio.TestTools.TestTypes.Unit.UnitTestAdapter, Microsoft.VisualStudio.QualityTools.Tips.UnitTest.Adapter, Version=11.0.0.0, Culture=neutral, PublicKeyToken=b03f5f7f11d50a3a" className="test.ETL_framework_taskStart_UT, test, Version=1.0.0.0, Culture=neutral, PublicKeyToken=null" name="ETL_framework_taskStart_byTaskGUIDandStepInstanceId" />
    </UnitTest>
    <UnitTest name="ETL_framework_packageEnd_AllSuccess" storage="test.dll" id="801822bd-ded4-6443-ff1f-35484d14985c">
      <Execution id="3d799309-94d6-47b1-80d2-ee15c1e5afa8" />
      <TestMethod codeBase="path/to/test/dll/test.dll" adapterTypeName="Microsoft.VisualStudio.TestTools.TestTypes.Unit.UnitTestAdapter, Microsoft.VisualStudio.QualityTools.Tips.UnitTest.Adapter, Version=11.0.0.0, Culture=neutral, PublicKeyToken=b03f5f7f11d50a3a" className="test.ETL_framework_packageEnd_UT, test, Version=1.0.0.0, Culture=neutral, PublicKeyToken=null" name="ETL_framework_packageEnd_AllSuccess" />
    </UnitTest>
    <UnitTest name="ETL_framework_packageStart_ControllerStarted" storage="test.dll" id="d0eee0b6-a52b-c3a9-36f4-862ccae794c3">
      <Execution id="040093bb-17a7-4d63-9ecd-6b9f5296c3b0" />
      <TestMethod codeBase="path/to/test/dll/test.dll" adapterTypeName="Microsoft.VisualStudio.TestTools.TestTypes.Unit.UnitTestAdapter, Microsoft.VisualStudio.QualityTools.Tips.UnitTest.Adapter, Version=11.0.0.0, Culture=neutral, PublicKeyToken=b03f5f7f11d50a3a" className="test.ETL_framework_packageStart_UT, test, Version=1.0.0.0, Culture=neutral, PublicKeyToken=null" name="ETL_framework_packageStart_ControllerStarted" />
    </UnitTest>
    <UnitTest name="ETL_helper_getTableReferenceDate_tableLogDateOnly" storage="test.dll" id="7ce6f9a9-0401-8cb6-d02a-60b319a46425">
      <Execution id="ddd2a91c-1687-4b7d-8865-9714251a7321" />
      <TestMethod codeBase="path/to/test/dll/test.dll" adapterTypeName="Microsoft.VisualStudio.TestTools.TestTypes.Unit.UnitTestAdapter, Microsoft.VisualStudio.QualityTools.Tips.UnitTest.Adapter, Version=11.0.0.0, Culture=neutral, PublicKeyToken=b03f5f7f11d50a3a" className="test.ETL_helper_getTableReferenceDate, test, Version=1.0.0.0, Culture=neutral, PublicKeyToken=null" name="ETL_helper_getTableReferenceDate_tableLogDateOnly" />
    </UnitTest>
    <UnitTest name="ETL_helper_defineNewJob_debuggingMode" storage="test.dll" id="f02035ec-b352-32e6-0f98-82a687a762ea">
      <Execution id="10d0c5d5-d86e-49a1-af9b-bea1f234f242" />
      <TestMethod codeBase="path/to/test/dll/test.dll" adapterTypeName="Microsoft.VisualStudio.TestTools.TestTypes.Unit.UnitTestAdapter, Microsoft.VisualStudio.QualityTools.Tips.UnitTest.Adapter, Version=11.0.0.0, Culture=neutral, PublicKeyToken=b03f5f7f11d50a3a" className="test.ETL_helper_defineNewJob_UT, test, Version=1.0.0.0, Culture=neutral, PublicKeyToken=null" name="ETL_helper_defineNewJob_debuggingMode" />
    </UnitTest>
    <UnitTest name="ETL_catalog_projectDelete_ProjectDeleted" storage="test.dll" id="5b63cf84-75fa-6156-e5dd-9305484a5099">
      <Execution id="2ff326ef-27e3-4835-89f5-284ad340088b" />
      <TestMethod codeBase="path/to/test/dll/test.dll" adapterTypeName="Microsoft.VisualStudio.TestTools.TestTypes.Unit.UnitTestAdapter, Microsoft.VisualStudio.QualityTools.Tips.UnitTest.Adapter, Version=11.0.0.0, Culture=neutral, PublicKeyToken=b03f5f7f11d50a3a" className="test.ETL_catalog_deleteProject_UT, test, Version=1.0.0.0, Culture=neutral, PublicKeyToken=null" name="ETL_catalog_projectDelete_ProjectDeleted" />
    </UnitTest>
    <UnitTest name="ETL_framework_packageEnd_parent_WithRunningChildandGrandChild" storage="test.dll" id="1b06a454-da2c-fe80-b8ed-b19a93a0b3b7">
      <Execution id="0d112f46-70bf-471d-bb97-f5d41026aa5f" />
      <TestMethod codeBase="path/to/test/dll/test.dll" adapterTypeName="Microsoft.VisualStudio.TestTools.TestTypes.Unit.UnitTestAdapter, Microsoft.VisualStudio.QualityTools.Tips.UnitTest.Adapter, Version=11.0.0.0, Culture=neutral, PublicKeyToken=b03f5f7f11d50a3a" className="test.ETL_framework_packageEnd_UT, test, Version=1.0.0.0, Culture=neutral, PublicKeyToken=null" name="ETL_framework_packageEnd_parent_WithRunningChildandGrandChild" />
    </UnitTest>
    <UnitTest name="ETL_job_updateJobInstance_running" storage="test.dll" id="82a7d719-5ab6-9788-5d21-10b635e936e2">
      <Execution id="a7e22c4e-ea79-4ca0-a505-610482c5cc07" />
      <TestMethod codeBase="path/to/test/dll/test.dll" adapterTypeName="Microsoft.VisualStudio.TestTools.TestTypes.Unit.UnitTestAdapter, Microsoft.VisualStudio.QualityTools.Tips.UnitTest.Adapter, Version=11.0.0.0, Culture=neutral, PublicKeyToken=b03f5f7f11d50a3a" className="test.ETL_job_updateJobInstance_UT, test, Version=1.0.0.0, Culture=neutral, PublicKeyToken=null" name="ETL_job_updateJobInstance_running" />
    </UnitTest>
    <UnitTest name="ETL_helper_startStepTest" storage="test.dll" id="3ac9445c-da5c-7cc7-435c-29b80d0b052a">
      <TestCategory>
        <TestCategoryItem TestCategory="SSIS Catalog" />
      </TestCategory>
      <Execution id="d65f6069-6585-4339-b695-f6d47600c1d3" />
      <TestMethod codeBase="path/to/test/dll/test.dll" adapterTypeName="Microsoft.VisualStudio.TestTools.TestTypes.Unit.UnitTestAdapter, Microsoft.VisualStudio.QualityTools.Tips.UnitTest.Adapter, Version=11.0.0.0, Culture=neutral, PublicKeyToken=b03f5f7f11d50a3a" className="test.ETL_helper_startStep_UT, test, Version=1.0.0.0, Culture=neutral, PublicKeyToken=null" name="ETL_helper_startStepTest" />
    </UnitTest>
    <UnitTest name="ETL_framework_packageEnd_AllErrors" storage="test.dll" id="262b6dc4-7ce2-8274-8f6e-a7c26aa4935b">
      <Execution id="faefb4f8-afae-4432-8e64-99526c5a996d" />
      <TestMethod codeBase="path/to/test/dll/test.dll" adapterTypeName="Microsoft.VisualStudio.TestTools.TestTypes.Unit.UnitTestAdapter, Microsoft.VisualStudio.QualityTools.Tips.UnitTest.Adapter, Version=11.0.0.0, Culture=neutral, PublicKeyToken=b03f5f7f11d50a3a" className="test.ETL_framework_packageEnd_UT, test, Version=1.0.0.0, Culture=neutral, PublicKeyToken=null" name="ETL_framework_packageEnd_AllErrors" />
    </UnitTest>
    <UnitTest name="ETL_helper_debugWriteTest_jobInstanceIdParameter" storage="test.dll" id="046b2f65-1e1e-21d6-c94c-003364f11884">
      <Execution id="c4e59d37-5963-4930-8b99-dc05331adc62" />
      <TestMethod codeBase="path/to/test/dll/test.dll" adapterTypeName="Microsoft.VisualStudio.TestTools.TestTypes.Unit.UnitTestAdapter, Microsoft.VisualStudio.QualityTools.Tips.UnitTest.Adapter, Version=11.0.0.0, Culture=neutral, PublicKeyToken=b03f5f7f11d50a3a" className="test.ETL_helper_debugWrite_UT, test, Version=1.0.0.0, Culture=neutral, PublicKeyToken=null" name="ETL_helper_debugWriteTest_jobInstanceIdParameter" />
    </UnitTest>
    <UnitTest name="ETL_helper_queueJob_groupSpecific" storage="test.dll" id="86e611db-db10-eaaa-67b2-013103898bfc">
      <Execution id="047149e6-0cbf-4854-8826-2d2c5a38f677" />
      <TestMethod codeBase="path/to/test/dll/test.dll" adapterTypeName="Microsoft.VisualStudio.TestTools.TestTypes.Unit.UnitTestAdapter, Microsoft.VisualStudio.QualityTools.Tips.UnitTest.Adapter, Version=11.0.0.0, Culture=neutral, PublicKeyToken=b03f5f7f11d50a3a" className="test.ETL_helper_queueJob_UT, test, Version=1.0.0.0, Culture=neutral, PublicKeyToken=null" name="ETL_helper_queueJob_groupSpecific" />
    </UnitTest>
    <UnitTest name="ETL_helper_objectStoreInsert_Error_ProjectAttemptedUpdateOverwriteOff" storage="test.dll" id="9effc09c-7d8d-5fb0-2cab-27b4a2596591">
      <Execution id="18e44eda-7fc8-4dca-a545-c7b9a2bc7031" />
      <TestMethod codeBase="path/to/test/dll/test.dll" adapterTypeName="Microsoft.VisualStudio.TestTools.TestTypes.Unit.UnitTestAdapter, Microsoft.VisualStudio.QualityTools.Tips.UnitTest.Adapter, Version=11.0.0.0, Culture=neutral, PublicKeyToken=b03f5f7f11d50a3a" className="test.ETL_helper_objectStoreInsert, test, Version=1.0.0.0, Culture=neutral, PublicKeyToken=null" name="ETL_helper_objectStoreInsert_Error_ProjectAttemptedUpdateOverwriteOff" />
    </UnitTest>
    <UnitTest name="ETL_helper_objectStoreInsert_Error_ImportFail" storage="test.dll" id="5487e1e8-d443-05ae-f8ee-a385de5bf3c5">
      <Execution id="ce9d8f1b-73e1-4824-802c-d620120b154a" />
      <TestMethod codeBase="path/to/test/dll/test.dll" adapterTypeName="Microsoft.VisualStudio.TestTools.TestTypes.Unit.UnitTestAdapter, Microsoft.VisualStudio.QualityTools.Tips.UnitTest.Adapter, Version=11.0.0.0, Culture=neutral, PublicKeyToken=b03f5f7f11d50a3a" className="test.ETL_helper_objectStoreInsert, test, Version=1.0.0.0, Culture=neutral, PublicKeyToken=null" name="ETL_helper_objectStoreInsert_Error_ImportFail" />
    </UnitTest>
    <UnitTest name="ETL_helper_logTableStart_withMissingProject" storage="test.dll" id="0e454e5b-8358-8bf1-39bf-c140d5199946">
      <Execution id="1f254a86-7469-4ad9-b981-0f579217c52f" />
      <TestMethod codeBase="path/to/test/dll/test.dll" adapterTypeName="Microsoft.VisualStudio.TestTools.TestTypes.Unit.UnitTestAdapter, Microsoft.VisualStudio.QualityTools.Tips.UnitTest.Adapter, Version=11.0.0.0, Culture=neutral, PublicKeyToken=b03f5f7f11d50a3a" className="test.ETL_helper_logTableStart_UT, test, Version=1.0.0.0, Culture=neutral, PublicKeyToken=null" name="ETL_helper_logTableStart_withMissingProject" />
    </UnitTest>
    <UnitTest name="ETL_catalog_startExecutionTest" storage="test.dll" id="495f5289-6273-1a25-278d-33b4c596bffb">
      <TestCategory>
        <TestCategoryItem TestCategory="SSIS Catalog" />
      </TestCategory>
      <Execution id="4f6135da-56eb-4448-9ac5-fc46ff9ba918" />
      <TestMethod codeBase="path/to/test/dll/test.dll" adapterTypeName="Microsoft.VisualStudio.TestTools.TestTypes.Unit.UnitTestAdapter, Microsoft.VisualStudio.QualityTools.Tips.UnitTest.Adapter, Version=11.0.0.0, Culture=neutral, PublicKeyToken=b03f5f7f11d50a3a" className="test.ETL_catalog_startExecution_UT, test, Version=1.0.0.0, Culture=neutral, PublicKeyToken=null" name="ETL_catalog_startExecutionTest" />
    </UnitTest>
    <UnitTest name="ETL_helper_debugWriteTest_integerValueParameter" storage="test.dll" id="435e4950-dfce-bbac-4b2c-21b7bf737aab">
      <Execution id="3c27ad8f-5fdc-4a38-bfa7-1b3ab85bb108" />
      <TestMethod codeBase="path/to/test/dll/test.dll" adapterTypeName="Microsoft.VisualStudio.TestTools.TestTypes.Unit.UnitTestAdapter, Microsoft.VisualStudio.QualityTools.Tips.UnitTest.Adapter, Version=11.0.0.0, Culture=neutral, PublicKeyToken=b03f5f7f11d50a3a" className="test.ETL_helper_debugWrite_UT, test, Version=1.0.0.0, Culture=neutral, PublicKeyToken=null" name="ETL_helper_debugWriteTest_integerValueParameter" />
    </UnitTest>
    <UnitTest name="ETL_framework_packageStart_Child_UseExistingStep" storage="test.dll" id="3613974a-5faf-789a-cc42-10ca0752bc87">
      <Execution id="0646d206-22c9-4013-b736-b5d474aaf38c" />
      <TestMethod codeBase="path/to/test/dll/test.dll" adapterTypeName="Microsoft.VisualStudio.TestTools.TestTypes.Unit.UnitTestAdapter, Microsoft.VisualStudio.QualityTools.Tips.UnitTest.Adapter, Version=11.0.0.0, Culture=neutral, PublicKeyToken=b03f5f7f11d50a3a" className="test.ETL_framework_packageStart_UT, test, Version=1.0.0.0, Culture=neutral, PublicKeyToken=null" name="ETL_framework_packageStart_Child_UseExistingStep" />
    </UnitTest>
    <UnitTest name="dbo_fnCheckValidOptionsTest_jobInstance" storage="test.dll" id="f71c9746-8da9-fe3e-1f0f-2099b89e285f">
      <Execution id="c804fedf-d56b-457a-9907-8ea28e5b1f3b" />
      <TestMethod codeBase="path/to/test/dll/test.dll" adapterTypeName="Microsoft.VisualStudio.TestTools.TestTypes.Unit.UnitTestAdapter, Microsoft.VisualStudio.QualityTools.Tips.UnitTest.Adapter, Version=11.0.0.0, Culture=neutral, PublicKeyToken=b03f5f7f11d50a3a" className="test.dbo_fnCheckValidOptions_UT, test, Version=1.0.0.0, Culture=neutral, PublicKeyToken=null" name="dbo_fnCheckValidOptionsTest_jobInstance" />
    </UnitTest>
    <UnitTest name="ETL_step_updateStepInstance_Completed" storage="test.dll" id="9b1e8282-b1b2-4277-b828-ca4a01034356">
      <Execution id="0d9fea2c-da6a-4c3f-b6ef-d9030b84e2e6" />
      <TestMethod codeBase="path/to/test/dll/test.dll" adapterTypeName="Microsoft.VisualStudio.TestTools.TestTypes.Unit.UnitTestAdapter, Microsoft.VisualStudio.QualityTools.Tips.UnitTest.Adapter, Version=11.0.0.0, Culture=neutral, PublicKeyToken=b03f5f7f11d50a3a" className="test.ETL_step_updateStepInstance_UT, test, Version=1.0.0.0, Culture=neutral, PublicKeyToken=null" name="ETL_step_updateStepInstance_Completed" />
    </UnitTest>
    <UnitTest name="ETL_helper_objectStoreInsert_GeneralISPAC_Update" storage="test.dll" id="b89de215-3873-a9b7-172e-8da26d05a103">
      <Execution id="336a7dde-9a84-4074-964c-ebdbf254a3e3" />
      <TestMethod codeBase="path/to/test/dll/test.dll" adapterTypeName="Microsoft.VisualStudio.TestTools.TestTypes.Unit.UnitTestAdapter, Microsoft.VisualStudio.QualityTools.Tips.UnitTest.Adapter, Version=11.0.0.0, Culture=neutral, PublicKeyToken=b03f5f7f11d50a3a" className="test.ETL_helper_objectStoreInsert, test, Version=1.0.0.0, Culture=neutral, PublicKeyToken=null" name="ETL_helper_objectStoreInsert_GeneralISPAC_Update" />
    </UnitTest>
    <UnitTest name="ETL_framework_packageStart_Child_UseExistingJob" storage="test.dll" id="745d998e-fa62-61a8-f680-7a63fae5b83d">
      <Execution id="1f524863-534f-4eb2-a86f-44a915e57aa9" />
      <TestMethod codeBase="path/to/test/dll/test.dll" adapterTypeName="Microsoft.VisualStudio.TestTools.TestTypes.Unit.UnitTestAdapter, Microsoft.VisualStudio.QualityTools.Tips.UnitTest.Adapter, Version=11.0.0.0, Culture=neutral, PublicKeyToken=b03f5f7f11d50a3a" className="test.ETL_framework_packageStart_UT, test, Version=1.0.0.0, Culture=neutral, PublicKeyToken=null" name="ETL_framework_packageStart_Child_UseExistingJob" />
    </UnitTest>
    <UnitTest name="ETL_helper_getTableReferenceDate_onlyStagingRecordExists" storage="test.dll" id="7c58e3eb-19cf-2d31-d885-0b5ea0bf03ef">
      <Execution id="394588ca-3308-4cfe-ae1c-8699656166c4" />
      <TestMethod codeBase="path/to/test/dll/test.dll" adapterTypeName="Microsoft.VisualStudio.TestTools.TestTypes.Unit.UnitTestAdapter, Microsoft.VisualStudio.QualityTools.Tips.UnitTest.Adapter, Version=11.0.0.0, Culture=neutral, PublicKeyToken=b03f5f7f11d50a3a" className="test.ETL_helper_getTableReferenceDate, test, Version=1.0.0.0, Culture=neutral, PublicKeyToken=null" name="ETL_helper_getTableReferenceDate_onlyStagingRecordExists" />
    </UnitTest>
    <UnitTest name="STAGE_createTableLog_projectTest" storage="test.dll" id="d2125723-9c1c-c4e9-7743-c3e1aa6223df">
      <Execution id="97e3ee62-7be2-465c-b6c6-8684c434fb04" />
      <TestMethod codeBase="path/to/test/dll/test.dll" adapterTypeName="Microsoft.VisualStudio.TestTools.TestTypes.Unit.UnitTestAdapter, Microsoft.VisualStudio.QualityTools.Tips.UnitTest.Adapter, Version=11.0.0.0, Culture=neutral, PublicKeyToken=b03f5f7f11d50a3a" className="test.STAGE_createTableLog_project_UT, test, Version=1.0.0.0, Culture=neutral, PublicKeyToken=null" name="STAGE_createTableLog_projectTest" />
    </UnitTest>
    <UnitTest name="ETL_helper_objectStoreInsertISPAC_InsertSuccess" storage="test.dll" id="fd705c13-edf4-e696-cd2f-884f3924f353">
      <Execution id="9afc191b-55fe-486b-be6c-12eba100b98b" />
      <TestMethod codeBase="path/to/test/dll/test.dll" adapterTypeName="Microsoft.VisualStudio.TestTools.TestTypes.Unit.UnitTestAdapter, Microsoft.VisualStudio.QualityTools.Tips.UnitTest.Adapter, Version=11.0.0.0, Culture=neutral, PublicKeyToken=b03f5f7f11d50a3a" className="test.ETL_helper_objectStoreInsertISPAC, test, Version=1.0.0.0, Culture=neutral, PublicKeyToken=null" name="ETL_helper_objectStoreInsertISPAC_InsertSuccess" />
    </UnitTest>
    <UnitTest name="STAGE_createJobInstance_projectTest" storage="test.dll" id="2de44f33-2ccd-6edc-47a1-32456c407906">
      <Execution id="c3877aab-6492-4e22-af53-db599d9b0640" />
      <TestMethod codeBase="path/to/test/dll/test.dll" adapterTypeName="Microsoft.VisualStudio.TestTools.TestTypes.Unit.UnitTestAdapter, Microsoft.VisualStudio.QualityTools.Tips.UnitTest.Adapter, Version=11.0.0.0, Culture=neutral, PublicKeyToken=b03f5f7f11d50a3a" className="test.STAGE_createJobInstance_project_UT, test, Version=1.0.0.0, Culture=neutral, PublicKeyToken=null" name="STAGE_createJobInstance_projectTest" />
    </UnitTest>
    <UnitTest name="ETL_catalog_projectDelete_Error_DeleteFail" storage="test.dll" id="2993583b-d541-5522-60d6-fafb0beb9fcb">
      <Execution id="03a01c3d-90c2-4f13-8d09-76182a5bd5a1" />
      <TestMethod codeBase="path/to/test/dll/test.dll" adapterTypeName="Microsoft.VisualStudio.TestTools.TestTypes.Unit.UnitTestAdapter, Microsoft.VisualStudio.QualityTools.Tips.UnitTest.Adapter, Version=11.0.0.0, Culture=neutral, PublicKeyToken=b03f5f7f11d50a3a" className="test.ETL_catalog_deleteProject_UT, test, Version=1.0.0.0, Culture=neutral, PublicKeyToken=null" name="ETL_catalog_projectDelete_Error_DeleteFail" />
    </UnitTest>
    <UnitTest name="ETL_helper_warningWriteTest_integerValueParameter" storage="test.dll" id="efc9805d-5ae4-6ef7-38f0-c704ccf08d6c">
      <Execution id="b040be4f-7be3-4d50-af49-f858f838f634" />
      <TestMethod codeBase="path/to/test/dll/test.dll" adapterTypeName="Microsoft.VisualStudio.TestTools.TestTypes.Unit.UnitTestAdapter, Microsoft.VisualStudio.QualityTools.Tips.UnitTest.Adapter, Version=11.0.0.0, Culture=neutral, PublicKeyToken=b03f5f7f11d50a3a" className="test.ETL_helper_warningWrite_UT, test, Version=1.0.0.0, Culture=neutral, PublicKeyToken=null" name="ETL_helper_warningWriteTest_integerValueParameter" />
    </UnitTest>
    <UnitTest name="ETL_helper_warningWriteTest_stringValueParameter" storage="test.dll" id="ccfc17c8-4744-c73b-e6df-cbdb121cd18f">
      <Execution id="56bb5394-0482-401a-8d51-a599424c7c65" />
      <TestMethod codeBase="path/to/test/dll/test.dll" adapterTypeName="Microsoft.VisualStudio.TestTools.TestTypes.Unit.UnitTestAdapter, Microsoft.VisualStudio.QualityTools.Tips.UnitTest.Adapter, Version=11.0.0.0, Culture=neutral, PublicKeyToken=b03f5f7f11d50a3a" className="test.ETL_helper_warningWrite_UT, test, Version=1.0.0.0, Culture=neutral, PublicKeyToken=null" name="ETL_helper_warningWriteTest_stringValueParameter" />
    </UnitTest>
    <UnitTest name="ETL_helper_defineNewStepTest" storage="test.dll" id="34f0d5ae-cbd3-d427-cea0-6698060b9c47">
      <TestCategory>
        <TestCategoryItem TestCategory="SSIS Catalog" />
      </TestCategory>
      <Execution id="81497bae-cbce-4b46-86ae-bc21e173c3c0" />
      <TestMethod codeBase="path/to/test/dll/test.dll" adapterTypeName="Microsoft.VisualStudio.TestTools.TestTypes.Unit.UnitTestAdapter, Microsoft.VisualStudio.QualityTools.Tips.UnitTest.Adapter, Version=11.0.0.0, Culture=neutral, PublicKeyToken=b03f5f7f11d50a3a" className="test.ETL_helper_defineNewStepSSIS_UT, test, Version=1.0.0.0, Culture=neutral, PublicKeyToken=null" name="ETL_helper_defineNewStepTest" />
    </UnitTest>
    <UnitTest name="ETL_framework_projectStart_withExistingProject" storage="test.dll" id="e3f7710a-44b3-769e-36c0-031ab25566e7">
      <Execution id="bf9dbd3a-cefb-40a1-ae30-a165336404cb" />
      <TestMethod codeBase="path/to/test/dll/test.dll" adapterTypeName="Microsoft.VisualStudio.TestTools.TestTypes.Unit.UnitTestAdapter, Microsoft.VisualStudio.QualityTools.Tips.UnitTest.Adapter, Version=11.0.0.0, Culture=neutral, PublicKeyToken=b03f5f7f11d50a3a" className="test.ETL_framework_projectStart_UT, test, Version=1.0.0.0, Culture=neutral, PublicKeyToken=null" name="ETL_framework_projectStart_withExistingProject" />
    </UnitTest>
    <UnitTest name="CFG_metric_insertMetricDefinition_insertFailure" storage="test.dll" id="5a96ec36-9546-a6e2-1227-4b405f6b2be1">
      <Execution id="9bf188bf-c9e5-47d7-8d76-d913387d3d11" />
      <TestMethod codeBase="path/to/test/dll/test.dll" adapterTypeName="Microsoft.VisualStudio.TestTools.TestTypes.Unit.UnitTestAdapter, Microsoft.VisualStudio.QualityTools.Tips.UnitTest.Adapter, Version=11.0.0.0, Culture=neutral, PublicKeyToken=b03f5f7f11d50a3a" className="test.CFG_metric_insertMetricDefinition_UT, test, Version=1.0.0.0, Culture=neutral, PublicKeyToken=null" name="CFG_metric_insertMetricDefinition_insertFailure" />
    </UnitTest>
    <UnitTest name="CFG_systemSettings_refreshProjectListTest" storage="test.dll" id="25228721-22df-e97d-4000-41933450c770">
      <Execution id="e9d4b033-9355-4bf3-bb9f-ba94a04d04d6" />
      <TestMethod codeBase="path/to/test/dll/test.dll" adapterTypeName="Microsoft.VisualStudio.TestTools.TestTypes.Unit.UnitTestAdapter, Microsoft.VisualStudio.QualityTools.Tips.UnitTest.Adapter, Version=11.0.0.0, Culture=neutral, PublicKeyToken=b03f5f7f11d50a3a" className="test.CFG_systemSettings_refreshProjectList_UT, test, Version=1.0.0.0, Culture=neutral, PublicKeyToken=null" name="CFG_systemSettings_refreshProjectListTest" />
    </UnitTest>
    <UnitTest name="ETL_framework_packageEnd_Grandchild_Success" storage="test.dll" id="91d23019-ac33-ed09-a83f-69051ffb8653">
      <Execution id="363a7738-f277-43ba-9b83-f33cd91c4c7f" />
      <TestMethod codeBase="path/to/test/dll/test.dll" adapterTypeName="Microsoft.VisualStudio.TestTools.TestTypes.Unit.UnitTestAdapter, Microsoft.VisualStudio.QualityTools.Tips.UnitTest.Adapter, Version=11.0.0.0, Culture=neutral, PublicKeyToken=b03f5f7f11d50a3a" className="test.ETL_framework_packageEnd_UT, test, Version=1.0.0.0, Culture=neutral, PublicKeyToken=null" name="ETL_framework_packageEnd_Grandchild_Success" />
    </UnitTest>
    <UnitTest name="ETL_helper_objectStoreInsert_ProjectISPAC_Insert" storage="test.dll" id="5238d7ef-71f1-8677-81f4-cf0c4aa93445">
      <Execution id="4528e2c4-8002-4023-8580-2c9d7392efba" />
      <TestMethod codeBase="path/to/test/dll/test.dll" adapterTypeName="Microsoft.VisualStudio.TestTools.TestTypes.Unit.UnitTestAdapter, Microsoft.VisualStudio.QualityTools.Tips.UnitTest.Adapter, Version=11.0.0.0, Culture=neutral, PublicKeyToken=b03f5f7f11d50a3a" className="test.ETL_helper_objectStoreInsert, test, Version=1.0.0.0, Culture=neutral, PublicKeyToken=null" name="ETL_helper_objectStoreInsert_ProjectISPAC_Insert" />
    </UnitTest>
    <UnitTest name="CFG_helper_getMetricDefinition_byName" storage="test.dll" id="1012650e-dd7c-4c95-1645-e70863a04bd6">
      <Execution id="36edf061-5b27-4309-a919-336c3d05a695" />
      <TestMethod codeBase="path/to/test/dll/test.dll" adapterTypeName="Microsoft.VisualStudio.TestTools.TestTypes.Unit.UnitTestAdapter, Microsoft.VisualStudio.QualityTools.Tips.UnitTest.Adapter, Version=11.0.0.0, Culture=neutral, PublicKeyToken=b03f5f7f11d50a3a" className="test.CFG_helper_getMetricDefinition_UT, test, Version=1.0.0.0, Culture=neutral, PublicKeyToken=null" name="CFG_helper_getMetricDefinition_byName" />
    </UnitTest>
    <UnitTest name="ETL_framework_logMetric_float" storage="test.dll" id="ed5817c4-ea89-d039-41be-b2f14ed3a0fd">
      <Execution id="7ae18c63-a72c-4ff6-a016-3727688a57c7" />
      <TestMethod codeBase="path/to/test/dll/test.dll" adapterTypeName="Microsoft.VisualStudio.TestTools.TestTypes.Unit.UnitTestAdapter, Microsoft.VisualStudio.QualityTools.Tips.UnitTest.Adapter, Version=11.0.0.0, Culture=neutral, PublicKeyToken=b03f5f7f11d50a3a" className="test.ETL_framework_logMetric_UT, test, Version=1.0.0.0, Culture=neutral, PublicKeyToken=null" name="ETL_framework_logMetric_float" />
    </UnitTest>
    <UnitTest name="ETL_helper_finishJobTest" storage="test.dll" id="41d0e81d-d317-0dcc-b8a4-3e95b89a35a4">
      <Execution id="520d4b71-fb0f-4cae-abcc-1ffedf3114e7" />
      <TestMethod codeBase="path/to/test/dll/test.dll" adapterTypeName="Microsoft.VisualStudio.TestTools.TestTypes.Unit.UnitTestAdapter, Microsoft.VisualStudio.QualityTools.Tips.UnitTest.Adapter, Version=11.0.0.0, Culture=neutral, PublicKeyToken=b03f5f7f11d50a3a" className="test.ETL_helper_finishJob_UT, test, Version=1.0.0.0, Culture=neutral, PublicKeyToken=null" name="ETL_helper_finishJobTest" />
    </UnitTest>
    <UnitTest name="ETL_helper_defineNewStepSproc_debugLogging" storage="test.dll" id="163bb6fd-e9e7-eaec-e4fe-a9730d542dc9">
      <Execution id="fa315aeb-d97e-455e-86d0-ed92c8e94291" />
      <TestMethod codeBase="path/to/test/dll/test.dll" adapterTypeName="Microsoft.VisualStudio.TestTools.TestTypes.Unit.UnitTestAdapter, Microsoft.VisualStudio.QualityTools.Tips.UnitTest.Adapter, Version=11.0.0.0, Culture=neutral, PublicKeyToken=b03f5f7f11d50a3a" className="test.ETL_helper_defineNewStepSproc_UT, test, Version=1.0.0.0, Culture=neutral, PublicKeyToken=null" name="ETL_helper_defineNewStepSproc_debugLogging" />
    </UnitTest>
    <UnitTest name="CFG_metric_insertMetricDefinition_insert" storage="test.dll" id="9e4b882b-06d8-9673-5eb1-7d7e6b89cbaa">
      <Execution id="28972df3-c50e-4eba-8af6-cecf3608615c" />
      <TestMethod codeBase="path/to/test/dll/test.dll" adapterTypeName="Microsoft.VisualStudio.TestTools.TestTypes.Unit.UnitTestAdapter, Microsoft.VisualStudio.QualityTools.Tips.UnitTest.Adapter, Version=11.0.0.0, Culture=neutral, PublicKeyToken=b03f5f7f11d50a3a" className="test.CFG_metric_insertMetricDefinition_UT, test, Version=1.0.0.0, Culture=neutral, PublicKeyToken=null" name="CFG_metric_insertMetricDefinition_insert" />
    </UnitTest>
    <UnitTest name="ETL_helper_debugWriteTest_dateTimeValueParameter" storage="test.dll" id="6c3d666a-7380-a6f7-df74-dbcdef289a30">
      <Execution id="394c6e04-28de-45bb-9840-54435c38053f" />
      <TestMethod codeBase="path/to/test/dll/test.dll" adapterTypeName="Microsoft.VisualStudio.TestTools.TestTypes.Unit.UnitTestAdapter, Microsoft.VisualStudio.QualityTools.Tips.UnitTest.Adapter, Version=11.0.0.0, Culture=neutral, PublicKeyToken=b03f5f7f11d50a3a" className="test.ETL_helper_debugWrite_UT, test, Version=1.0.0.0, Culture=neutral, PublicKeyToken=null" name="ETL_helper_debugWriteTest_dateTimeValueParameter" />
    </UnitTest>
    <UnitTest name="ETL_framework_logMetric_string" storage="test.dll" id="f5456611-213c-a391-aa05-f02ffd1ab625">
      <Execution id="5fbed8db-e18b-42dc-adab-92d4f6a12ec5" />
      <TestMethod codeBase="path/to/test/dll/test.dll" adapterTypeName="Microsoft.VisualStudio.TestTools.TestTypes.Unit.UnitTestAdapter, Microsoft.VisualStudio.QualityTools.Tips.UnitTest.Adapter, Version=11.0.0.0, Culture=neutral, PublicKeyToken=b03f5f7f11d50a3a" className="test.ETL_framework_logMetric_UT, test, Version=1.0.0.0, Culture=neutral, PublicKeyToken=null" name="ETL_framework_logMetric_string" />
    </UnitTest>
    <UnitTest name="ETL_job_updateJobInstance_error" storage="test.dll" id="09c588c6-38b4-9dd3-91b7-d32f9ce6a7fc">
      <Execution id="4191ef9c-8409-4da3-8518-305e4b2a91e0" />
      <TestMethod codeBase="path/to/test/dll/test.dll" adapterTypeName="Microsoft.VisualStudio.TestTools.TestTypes.Unit.UnitTestAdapter, Microsoft.VisualStudio.QualityTools.Tips.UnitTest.Adapter, Version=11.0.0.0, Culture=neutral, PublicKeyToken=b03f5f7f11d50a3a" className="test.ETL_job_updateJobInstance_UT, test, Version=1.0.0.0, Culture=neutral, PublicKeyToken=null" name="ETL_job_updateJobInstance_error" />
    </UnitTest>
    <UnitTest name="ETL_helper_objectStoreInsert_Error_GeneralAttemptedUpdateOverwriteOff" storage="test.dll" id="8d4d516d-a202-4f3d-88c6-30c08be1731e">
      <Execution id="c398a64a-4f9a-4637-af68-7eb004602117" />
      <TestMethod codeBase="path/to/test/dll/test.dll" adapterTypeName="Microsoft.VisualStudio.TestTools.TestTypes.Unit.UnitTestAdapter, Microsoft.VisualStudio.QualityTools.Tips.UnitTest.Adapter, Version=11.0.0.0, Culture=neutral, PublicKeyToken=b03f5f7f11d50a3a" className="test.ETL_helper_objectStoreInsert, test, Version=1.0.0.0, Culture=neutral, PublicKeyToken=null" name="ETL_helper_objectStoreInsert_Error_GeneralAttemptedUpdateOverwriteOff" />
    </UnitTest>
    <UnitTest name="ETL_helper_debugWriteTest_sourceParameter" storage="test.dll" id="b7dc9825-4819-7cf5-9712-8f29c5251b4d">
      <Execution id="a3531f89-ef45-4f26-b72a-fe2b0ac480e2" />
      <TestMethod codeBase="path/to/test/dll/test.dll" adapterTypeName="Microsoft.VisualStudio.TestTools.TestTypes.Unit.UnitTestAdapter, Microsoft.VisualStudio.QualityTools.Tips.UnitTest.Adapter, Version=11.0.0.0, Culture=neutral, PublicKeyToken=b03f5f7f11d50a3a" className="test.ETL_helper_debugWrite_UT, test, Version=1.0.0.0, Culture=neutral, PublicKeyToken=null" name="ETL_helper_debugWriteTest_sourceParameter" />
    </UnitTest>
    <UnitTest name="ETL_catalog_getExecutionParametersTest" storage="test.dll" id="fc39a840-7c63-ae84-26e7-9c3cadb2a13f">
      <TestCategory>
        <TestCategoryItem TestCategory="SSIS Catalog" />
      </TestCategory>
      <Execution id="00384756-be8e-4dc6-a7eb-b2d3034fb39c" />
      <TestMethod codeBase="path/to/test/dll/test.dll" adapterTypeName="Microsoft.VisualStudio.TestTools.TestTypes.Unit.UnitTestAdapter, Microsoft.VisualStudio.QualityTools.Tips.UnitTest.Adapter, Version=11.0.0.0, Culture=neutral, PublicKeyToken=b03f5f7f11d50a3a" className="test.ETL_catalog_getExecutionParameters_UT, test, Version=1.0.0.0, Culture=neutral, PublicKeyToken=null" name="ETL_catalog_getExecutionParametersTest" />
    </UnitTest>
    <UnitTest name="ETL_framework_logError_ErrorAlreadyExists" storage="test.dll" id="7496046b-35ab-f2fe-91c2-89de1f566f38">
      <Execution id="7fdfb1c4-6bd0-40a1-b062-651e04c2098b" />
      <TestMethod codeBase="path/to/test/dll/test.dll" adapterTypeName="Microsoft.VisualStudio.TestTools.TestTypes.Unit.UnitTestAdapter, Microsoft.VisualStudio.QualityTools.Tips.UnitTest.Adapter, Version=11.0.0.0, Culture=neutral, PublicKeyToken=b03f5f7f11d50a3a" className="test.ETL_framework_logError_UT, test, Version=1.0.0.0, Culture=neutral, PublicKeyToken=null" name="ETL_framework_logError_ErrorAlreadyExists" />
    </UnitTest>
    <UnitTest name="ETL_helper_warningWriteTest_messageParameterOnly" storage="test.dll" id="a1d9a69c-7c08-535c-a82f-8014c8e4aa68">
      <Execution id="0f264123-3e9d-4e34-b7d1-bc38d741d660" />
      <TestMethod codeBase="path/to/test/dll/test.dll" adapterTypeName="Microsoft.VisualStudio.TestTools.TestTypes.Unit.UnitTestAdapter, Microsoft.VisualStudio.QualityTools.Tips.UnitTest.Adapter, Version=11.0.0.0, Culture=neutral, PublicKeyToken=b03f5f7f11d50a3a" className="test.ETL_helper_warningWrite_UT, test, Version=1.0.0.0, Culture=neutral, PublicKeyToken=null" name="ETL_helper_warningWriteTest_messageParameterOnly" />
    </UnitTest>
    <UnitTest name="ETL_catalog_setupExecutionTest" storage="test.dll" id="34be8351-c85c-7ede-0bd6-6747d9931453">
      <TestCategory>
        <TestCategoryItem TestCategory="SSIS Catalog" />
      </TestCategory>
      <Execution id="e0c9bd6f-e066-49e2-8af0-5b60e74d93de" />
      <TestMethod codeBase="path/to/test/dll/test.dll" adapterTypeName="Microsoft.VisualStudio.TestTools.TestTypes.Unit.UnitTestAdapter, Microsoft.VisualStudio.QualityTools.Tips.UnitTest.Adapter, Version=11.0.0.0, Culture=neutral, PublicKeyToken=b03f5f7f11d50a3a" className="test.ETL_catalog_setupExecution_UT, test, Version=1.0.0.0, Culture=neutral, PublicKeyToken=null" name="ETL_catalog_setupExecutionTest" />
    </UnitTest>
    <UnitTest name="ETL_catalog_deployProject_DeployConstructedProjectName" storage="test.dll" id="40df3a4f-fac6-8ff0-0632-d38302b9584f">
      <Execution id="adbe2bd1-d8b7-4448-9934-73ab54dde325" />
      <TestMethod codeBase="path/to/test/dll/test.dll" adapterTypeName="Microsoft.VisualStudio.TestTools.TestTypes.Unit.UnitTestAdapter, Microsoft.VisualStudio.QualityTools.Tips.UnitTest.Adapter, Version=11.0.0.0, Culture=neutral, PublicKeyToken=b03f5f7f11d50a3a" className="test.ETL_catalog_deployProject_UT, test, Version=1.0.0.0, Culture=neutral, PublicKeyToken=null" name="ETL_catalog_deployProject_DeployConstructedProjectName" />
    </UnitTest>
    <UnitTest name="ETL_framework_taskStart_noDefinitionExists" storage="test.dll" id="5e568c56-4500-c6df-f0c4-9ea6dc89fcec">
      <Execution id="d389a03e-a025-49f0-96b7-ace1b1dcdc83" />
      <TestMethod codeBase="path/to/test/dll/test.dll" adapterTypeName="Microsoft.VisualStudio.TestTools.TestTypes.Unit.UnitTestAdapter, Microsoft.VisualStudio.QualityTools.Tips.UnitTest.Adapter, Version=11.0.0.0, Culture=neutral, PublicKeyToken=b03f5f7f11d50a3a" className="test.ETL_framework_taskStart_UT, test, Version=1.0.0.0, Culture=neutral, PublicKeyToken=null" name="ETL_framework_taskStart_noDefinitionExists" />
    </UnitTest>
    <UnitTest name="ETL_framework_logMetric_noStepDefinitionExists" storage="test.dll" id="56b3f25d-4957-0421-52be-40b531c3922e">
      <Execution id="2baa30db-04d4-4b4c-93ac-df9084a2b279" />
      <TestMethod codeBase="path/to/test/dll/test.dll" adapterTypeName="Microsoft.VisualStudio.TestTools.TestTypes.Unit.UnitTestAdapter, Microsoft.VisualStudio.QualityTools.Tips.UnitTest.Adapter, Version=11.0.0.0, Culture=neutral, PublicKeyToken=b03f5f7f11d50a3a" className="test.ETL_framework_logMetric_UT, test, Version=1.0.0.0, Culture=neutral, PublicKeyToken=null" name="ETL_framework_logMetric_noStepDefinitionExists" />
    </UnitTest>
    <UnitTest name="ETL_job_updateJobInstance_complete" storage="test.dll" id="f5f09992-c608-af79-23be-e1fa3cd00f50">
      <Execution id="cae7910f-6ea6-46bd-9686-75dd693d8add" />
      <TestMethod codeBase="path/to/test/dll/test.dll" adapterTypeName="Microsoft.VisualStudio.TestTools.TestTypes.Unit.UnitTestAdapter, Microsoft.VisualStudio.QualityTools.Tips.UnitTest.Adapter, Version=11.0.0.0, Culture=neutral, PublicKeyToken=b03f5f7f11d50a3a" className="test.ETL_job_updateJobInstance_UT, test, Version=1.0.0.0, Culture=neutral, PublicKeyToken=null" name="ETL_job_updateJobInstance_complete" />
    </UnitTest>
    <UnitTest name="ETL_framework_packageStart_Child_ProjectSpecificParent_projectIdInStage_NoProjectId" storage="test.dll" id="f0d05b35-9817-32a9-2e13-20b94845c829">
      <Execution id="bd1a1e76-fdfb-473f-9dea-b6804091e945" />
      <TestMethod codeBase="path/to/test/dll/test.dll" adapterTypeName="Microsoft.VisualStudio.TestTools.TestTypes.Unit.UnitTestAdapter, Microsoft.VisualStudio.QualityTools.Tips.UnitTest.Adapter, Version=11.0.0.0, Culture=neutral, PublicKeyToken=b03f5f7f11d50a3a" className="test.ETL_framework_packageStart_UT, test, Version=1.0.0.0, Culture=neutral, PublicKeyToken=null" name="ETL_framework_packageStart_Child_ProjectSpecificParent_projectIdInStage_NoProjectId" />
    </UnitTest>
    <UnitTest name="ETL_helper_warningWriteTest_stepInstanceIdParameter" storage="test.dll" id="ade8feb4-0003-ae45-f8e3-eb2a863581b9">
      <Execution id="08880de6-098b-446e-896b-0badc190e691" />
      <TestMethod codeBase="path/to/test/dll/test.dll" adapterTypeName="Microsoft.VisualStudio.TestTools.TestTypes.Unit.UnitTestAdapter, Microsoft.VisualStudio.QualityTools.Tips.UnitTest.Adapter, Version=11.0.0.0, Culture=neutral, PublicKeyToken=b03f5f7f11d50a3a" className="test.ETL_helper_warningWrite_UT, test, Version=1.0.0.0, Culture=neutral, PublicKeyToken=null" name="ETL_helper_warningWriteTest_stepInstanceIdParameter" />
    </UnitTest>
    <UnitTest name="ETL_catalog_deployProject_Error_DeployFail" storage="test.dll" id="18c755bf-47b0-ff02-44cb-da721b97cf2c">
      <Execution id="498ed6c8-b20e-4010-971b-c05fa958ade1" />
      <TestMethod codeBase="path/to/test/dll/test.dll" adapterTypeName="Microsoft.VisualStudio.TestTools.TestTypes.Unit.UnitTestAdapter, Microsoft.VisualStudio.QualityTools.Tips.UnitTest.Adapter, Version=11.0.0.0, Culture=neutral, PublicKeyToken=b03f5f7f11d50a3a" className="test.ETL_catalog_deployProject_UT, test, Version=1.0.0.0, Culture=neutral, PublicKeyToken=null" name="ETL_catalog_deployProject_Error_DeployFail" />
    </UnitTest>
    <UnitTest name="ETL_helper_finishStep_withMultipleSteps" storage="test.dll" id="500daf7c-af05-f6ea-ab24-b6c9f3639de3">
      <TestCategory>
        <TestCategoryItem TestCategory="SSIS Catalog" />
      </TestCategory>
      <Execution id="025e94b0-21f1-42d5-9de4-38a0e5a83e93" />
      <TestMethod codeBase="path/to/test/dll/test.dll" adapterTypeName="Microsoft.VisualStudio.TestTools.TestTypes.Unit.UnitTestAdapter, Microsoft.VisualStudio.QualityTools.Tips.UnitTest.Adapter, Version=11.0.0.0, Culture=neutral, PublicKeyToken=b03f5f7f11d50a3a" className="test.ETL_helper_finishStep_UT, test, Version=1.0.0.0, Culture=neutral, PublicKeyToken=null" name="ETL_helper_finishStep_withMultipleSteps" />
    </UnitTest>
    <UnitTest name="ETL_catalog_projectDelete_Error_ProjectDoesNotExist" storage="test.dll" id="ca54d704-6393-f01f-4f07-b018036236e1">
      <Execution id="000e7970-430c-4b36-8fc9-59f48cbbcca1" />
      <TestMethod codeBase="path/to/test/dll/test.dll" adapterTypeName="Microsoft.VisualStudio.TestTools.TestTypes.Unit.UnitTestAdapter, Microsoft.VisualStudio.QualityTools.Tips.UnitTest.Adapter, Version=11.0.0.0, Culture=neutral, PublicKeyToken=b03f5f7f11d50a3a" className="test.ETL_catalog_deleteProject_UT, test, Version=1.0.0.0, Culture=neutral, PublicKeyToken=null" name="ETL_catalog_projectDelete_Error_ProjectDoesNotExist" />
    </UnitTest>
    <UnitTest name="ETL_catalog_checkStepVersionTest" storage="test.dll" id="d5156c59-d7ed-eaf7-be41-7ea608657ac6">
      <TestCategory>
        <TestCategoryItem TestCategory="SSIS Catalog" />
      </TestCategory>
      <Execution id="7d196afe-891a-4be9-9f6b-8f943a35750d" />
      <TestMethod codeBase="path/to/test/dll/test.dll" adapterTypeName="Microsoft.VisualStudio.TestTools.TestTypes.Unit.UnitTestAdapter, Microsoft.VisualStudio.QualityTools.Tips.UnitTest.Adapter, Version=11.0.0.0, Culture=neutral, PublicKeyToken=b03f5f7f11d50a3a" className="test.ETL_catalog_checkStepVersion_UT, test, Version=1.0.0.0, Culture=neutral, PublicKeyToken=null" name="ETL_catalog_checkStepVersionTest" />
    </UnitTest>
    <UnitTest name="ETL_catalog_deployProject_DeployProvidedProjectName" storage="test.dll" id="419108dc-6ce3-ac52-10f4-8d4ae1c96cf9">
      <Execution id="48322ad8-094b-4d92-8a3b-902651b95c41" />
      <TestMethod codeBase="path/to/test/dll/test.dll" adapterTypeName="Microsoft.VisualStudio.TestTools.TestTypes.Unit.UnitTestAdapter, Microsoft.VisualStudio.QualityTools.Tips.UnitTest.Adapter, Version=11.0.0.0, Culture=neutral, PublicKeyToken=b03f5f7f11d50a3a" className="test.ETL_catalog_deployProject_UT, test, Version=1.0.0.0, Culture=neutral, PublicKeyToken=null" name="ETL_catalog_deployProject_DeployProvidedProjectName" />
    </UnitTest>
    <UnitTest name="ETL_helper_defineNewStepSproc_successfulInsert" storage="test.dll" id="3abc5c4b-d045-c992-f241-955596aea469">
      <Execution id="1cca2316-f2c3-4b87-95b2-ee3c5812cc2b" />
      <TestMethod codeBase="path/to/test/dll/test.dll" adapterTypeName="Microsoft.VisualStudio.TestTools.TestTypes.Unit.UnitTestAdapter, Microsoft.VisualStudio.QualityTools.Tips.UnitTest.Adapter, Version=11.0.0.0, Culture=neutral, PublicKeyToken=b03f5f7f11d50a3a" className="test.ETL_helper_defineNewStepSproc_UT, test, Version=1.0.0.0, Culture=neutral, PublicKeyToken=null" name="ETL_helper_defineNewStepSproc_successfulInsert" />
    </UnitTest>
    <UnitTest name="ETL_GetObjectFromStoreTest" storage="test.dll" id="cd0cf42f-fbff-cc0f-6a17-221620adeb5c">
      <Execution id="d06671e8-1aaa-41cd-a2e7-c84f9ce864ad" />
      <TestMethod codeBase="path/to/test/dll/test.dll" adapterTypeName="Microsoft.VisualStudio.TestTools.TestTypes.Unit.UnitTestAdapter, Microsoft.VisualStudio.QualityTools.Tips.UnitTest.Adapter, Version=11.0.0.0, Culture=neutral, PublicKeyToken=b03f5f7f11d50a3a" className="test.ETL_GetObjectFromStore_UT, test, Version=1.0.0.0, Culture=neutral, PublicKeyToken=null" name="ETL_GetObjectFromStoreTest" />
    </UnitTest>
    <UnitTest name="ETL_helper_logTableEndTest" storage="test.dll" id="3ec8033d-628c-62e7-cb14-9dc446825b88">
      <Execution id="e986265b-3297-43fe-b8db-851cdee5e764" />
      <TestMethod codeBase="path/to/test/dll/test.dll" adapterTypeName="Microsoft.VisualStudio.TestTools.TestTypes.Unit.UnitTestAdapter, Microsoft.VisualStudio.QualityTools.Tips.UnitTest.Adapter, Version=11.0.0.0, Culture=neutral, PublicKeyToken=b03f5f7f11d50a3a" className="test.ETL_helper_logTableEnd_UT, test, Version=1.0.0.0, Culture=neutral, PublicKeyToken=null" name="ETL_helper_logTableEndTest" />
    </UnitTest>
    <UnitTest name="ETL_helper_debugWriteTest_stringValueParameter" storage="test.dll" id="076400fc-682c-d338-9613-1f2abc9a24af">
      <Execution id="7dfc43f7-21c5-45a6-8992-7c88c1679f36" />
      <TestMethod codeBase="path/to/test/dll/test.dll" adapterTypeName="Microsoft.VisualStudio.TestTools.TestTypes.Unit.UnitTestAdapter, Microsoft.VisualStudio.QualityTools.Tips.UnitTest.Adapter, Version=11.0.0.0, Culture=neutral, PublicKeyToken=b03f5f7f11d50a3a" className="test.ETL_helper_debugWrite_UT, test, Version=1.0.0.0, Culture=neutral, PublicKeyToken=null" name="ETL_helper_debugWriteTest_stringValueParameter" />
    </UnitTest>
    <UnitTest name="ETL_helper_defineNewStepSproc_successfulInsert_specifiedStepName" storage="test.dll" id="ddd2c11e-7d88-0ddd-ec30-820251eaa147">
      <Execution id="278cdd41-9a20-4306-97f5-7fac4494659b" />
      <TestMethod codeBase="path/to/test/dll/test.dll" adapterTypeName="Microsoft.VisualStudio.TestTools.TestTypes.Unit.UnitTestAdapter, Microsoft.VisualStudio.QualityTools.Tips.UnitTest.Adapter, Version=11.0.0.0, Culture=neutral, PublicKeyToken=b03f5f7f11d50a3a" className="test.ETL_helper_defineNewStepSproc_UT, test, Version=1.0.0.0, Culture=neutral, PublicKeyToken=null" name="ETL_helper_defineNewStepSproc_successfulInsert_specifiedStepName" />
    </UnitTest>
    <UnitTest name="CFG_systemSettings_refreshProjectList_Reset" storage="test.dll" id="764f8b97-6f1b-9584-56ab-da25710a39e7">
      <Execution id="80d9afd0-28af-438e-b3db-ff0cc03220ec" />
      <TestMethod codeBase="path/to/test/dll/test.dll" adapterTypeName="Microsoft.VisualStudio.TestTools.TestTypes.Unit.UnitTestAdapter, Microsoft.VisualStudio.QualityTools.Tips.UnitTest.Adapter, Version=11.0.0.0, Culture=neutral, PublicKeyToken=b03f5f7f11d50a3a" className="test.CFG_systemSettings_refreshProjectList_UT, test, Version=1.0.0.0, Culture=neutral, PublicKeyToken=null" name="CFG_systemSettings_refreshProjectList_Reset" />
    </UnitTest>
    <UnitTest name="ETL_framework_packageStart_Debugging_Child_UseExistingStep" storage="test.dll" id="2b39dff0-fd84-6237-3051-25d86a3a2610">
      <Execution id="62db8e4e-98fa-4be9-a45f-4d36a1e294cd" />
      <TestMethod codeBase="path/to/test/dll/test.dll" adapterTypeName="Microsoft.VisualStudio.TestTools.TestTypes.Unit.UnitTestAdapter, Microsoft.VisualStudio.QualityTools.Tips.UnitTest.Adapter, Version=11.0.0.0, Culture=neutral, PublicKeyToken=b03f5f7f11d50a3a" className="test.ETL_framework_packageStart_UT, test, Version=1.0.0.0, Culture=neutral, PublicKeyToken=null" name="ETL_framework_packageStart_Debugging_Child_UseExistingStep" />
    </UnitTest>
    <UnitTest name="ETL_framework_packageStart_stepDoesNotExist" storage="test.dll" id="cc2525dd-f498-b9f4-855c-819e8109119c">
      <Execution id="1d5af956-2100-488c-b481-cf011d0eb290" />
      <TestMethod codeBase="path/to/test/dll/test.dll" adapterTypeName="Microsoft.VisualStudio.TestTools.TestTypes.Unit.UnitTestAdapter, Microsoft.VisualStudio.QualityTools.Tips.UnitTest.Adapter, Version=11.0.0.0, Culture=neutral, PublicKeyToken=b03f5f7f11d50a3a" className="test.ETL_framework_packageStart_UT, test, Version=1.0.0.0, Culture=neutral, PublicKeyToken=null" name="ETL_framework_packageStart_stepDoesNotExist" />
    </UnitTest>
    <UnitTest name="ETL_helper_debugWriteTest_stepInstanceIdParameter" storage="test.dll" id="c8aa000d-7c66-a84d-1339-9f4c5f61d24c">
      <Execution id="c536da81-ede6-40e3-862d-32d9fa419363" />
      <TestMethod codeBase="path/to/test/dll/test.dll" adapterTypeName="Microsoft.VisualStudio.TestTools.TestTypes.Unit.UnitTestAdapter, Microsoft.VisualStudio.QualityTools.Tips.UnitTest.Adapter, Version=11.0.0.0, Culture=neutral, PublicKeyToken=b03f5f7f11d50a3a" className="test.ETL_helper_debugWrite_UT, test, Version=1.0.0.0, Culture=neutral, PublicKeyToken=null" name="ETL_helper_debugWriteTest_stepInstanceIdParameter" />
    </UnitTest>
    <UnitTest name="ETL_framework_packageStart_UseExistingJob" storage="test.dll" id="c6996755-826f-9723-7933-fad394d98a92">
      <Execution id="c9d35fbb-99d5-4e07-97e6-3e035c9a499c" />
      <TestMethod codeBase="path/to/test/dll/test.dll" adapterTypeName="Microsoft.VisualStudio.TestTools.TestTypes.Unit.UnitTestAdapter, Microsoft.VisualStudio.QualityTools.Tips.UnitTest.Adapter, Version=11.0.0.0, Culture=neutral, PublicKeyToken=b03f5f7f11d50a3a" className="test.ETL_framework_packageStart_UT, test, Version=1.0.0.0, Culture=neutral, PublicKeyToken=null" name="ETL_framework_packageStart_UseExistingJob" />
    </UnitTest>
    <UnitTest name="dbo_fnCheckValidOptions_step" storage="test.dll" id="c9dd8bee-6d0d-e8d5-d171-402bb78e155e">
      <Execution id="6728b1b4-e4c7-45eb-ab8d-60b08991b76f" />
      <TestMethod codeBase="path/to/test/dll/test.dll" adapterTypeName="Microsoft.VisualStudio.TestTools.TestTypes.Unit.UnitTestAdapter, Microsoft.VisualStudio.QualityTools.Tips.UnitTest.Adapter, Version=11.0.0.0, Culture=neutral, PublicKeyToken=b03f5f7f11d50a3a" className="test.dbo_fnCheckValidOptions_UT, test, Version=1.0.0.0, Culture=neutral, PublicKeyToken=null" name="dbo_fnCheckValidOptions_step" />
    </UnitTest>
    <UnitTest name="ETL_log_insertLog_notAttachedToJobStepTask" storage="test.dll" id="e91ee7e9-d11c-4b5e-c0d8-77486ce71c30">
      <Execution id="d745c08c-8e78-4d18-83f6-ca7ab3afd8f1" />
      <TestMethod codeBase="path/to/test/dll/test.dll" adapterTypeName="Microsoft.VisualStudio.TestTools.TestTypes.Unit.UnitTestAdapter, Microsoft.VisualStudio.QualityTools.Tips.UnitTest.Adapter, Version=11.0.0.0, Culture=neutral, PublicKeyToken=b03f5f7f11d50a3a" className="test.ETL_log_insertLog_UT, test, Version=1.0.0.0, Culture=neutral, PublicKeyToken=null" name="ETL_log_insertLog_notAttachedToJobStepTask" />
    </UnitTest>
    <UnitTest name="CFG_systemSettings_getDebugFlagTest" storage="test.dll" id="56c047c1-c339-9273-b555-c930fcf06ff4">
      <Execution id="0239e3fe-64cf-4388-a80a-e1f5576c3673" />
      <TestMethod codeBase="path/to/test/dll/test.dll" adapterTypeName="Microsoft.VisualStudio.TestTools.TestTypes.Unit.UnitTestAdapter, Microsoft.VisualStudio.QualityTools.Tips.UnitTest.Adapter, Version=11.0.0.0, Culture=neutral, PublicKeyToken=b03f5f7f11d50a3a" className="test.CFG_systemSettings_getDebugFlag_UT, test, Version=1.0.0.0, Culture=neutral, PublicKeyToken=null" name="CFG_systemSettings_getDebugFlagTest" />
    </UnitTest>
    <UnitTest name="CFG_helper_getMetricDefinition_byNameAndType" storage="test.dll" id="9dfea617-d649-60b9-93b6-f58d38db9070">
[...]
      <Output>
        <DebugTrace>Executing test initialization script...
1 batches, 0 ResultSets, 0 rows affected
Executing test script...
1 batches, 1 ResultSets, 2 rows affected
Validating checkJobName
Validating checkIsActive
Validating checkIsProjectSpecific
Validating checkComments
Validating checkInsertedByCode
Validating checkInsertedDate
Validating checkResultSet
Executing test cleanup script...
1 batches, 0 ResultSets, 0 rows affected
</DebugTrace>
      </Output>
    </UnitTestResult>
    <UnitTestResult executionId="14b9b681-3128-4f7b-82ab-146257465469" testId="15969d94-066c-33bf-1750-37377c2ccf77" testName="ETL_job_insertJobDefinitionTest" computerName="user1computername" duration="00:00:00.1162958" startTime="2015-04-22T12:50:20.4739731-05:00" endTime="2015-04-22T12:50:20.5919849-05:00" testType="13cdc9d9-ddb5-4fa4-a97d-d965ccfc6d4b" outcome="Passed" testListId="8c84fa94-04c1-424b-9868-57a2d4851a1d" relativeResultsDirectory="14b9b681-3128-4f7b-82ab-146257465469">
      <Output>
        <DebugTrace>Executing test initialization script...
1 batches, 0 ResultSets, 0 rows affected
Executing test script...
1 batches, 1 ResultSets, 2 rows affected
Validating checkJobId
Validating checkStepId
Validating checkComments
Validating checkInsertedByCode
Validating checkInsertedDate
Validating checkRecordSet
Executing test cleanup script...
1 batches, 0 ResultSets, 0 rows affected
</DebugTrace>
      </Output>
    </UnitTestResult>
    <UnitTestResult executionId="a6589019-ca4b-4b1e-ba47-d17eb90e3021" testId="1f328a94-2a95-a239-17f4-a2fde51501e7" testName="ETL_job_insertJobInstanceTest" computerName="user1computername" duration="00:00:00.3678739" startTime="2015-04-22T12:50:20.5949852-05:00" endTime="2015-04-22T12:50:20.9660223-05:00" testType="13cdc9d9-ddb5-4fa4-a97d-d965ccfc6d4b" outcome="Passed" testListId="8c84fa94-04c1-424b-9868-57a2d4851a1d" relativeResultsDirectory="a6589019-ca4b-4b1e-ba47-d17eb90e3021">
      <Output>
        <DebugTrace>Executing test initialization script...
1 batches, 0 ResultSets, 0 rows affected
Executing test script...
1 batches, 1 ResultSets, 2 rows affected
Validating checkJobId
Validating checkStatusCode
Validating checkBeginJob
Validating checkEndJob
Validating checkInsertedByCode
Validating checkInsertedDate
Validating checkUpdatedByCode
Validating checkUpdatedDate
Validating checkResultSet
Executing test cleanup script...
1 batches, 0 ResultSets, 0 rows affected
</DebugTrace>
      </Output>
    </UnitTestResult>
    <UnitTestResult executionId="cae7910f-6ea6-46bd-9686-75dd693d8add" testId="f5f09992-c608-af79-23be-e1fa3cd00f50" testName="ETL_job_updateJobInstance_complete" computerName="user1computername" duration="00:00:00.1235558" startTime="2015-04-22T12:50:20.9690226-05:00" endTime="2015-04-22T12:50:21.0950352-05:00" testType="13cdc9d9-ddb5-4fa4-a97d-d965ccfc6d4b" outcome="Passed" testListId="8c84fa94-04c1-424b-9868-57a2d4851a1d" relativeResultsDirectory="cae7910f-6ea6-46bd-9686-75dd693d8add">
      <Output>
        <DebugTrace>Executing test initialization script...
1 batches, 0 ResultSets, 0 rows affected
Executing test script...
1 batches, 1 ResultSets, 1 rows affected
Validating checkStatusCode_complete
Validating checkBeginJob_completed
Validating checkEndJob_completed
Validating checkInsertedByCode_completed
Validating checkInsertedDate_completed
Validating checkUpdatedByCode_completed
Validating checkUpdatedDate_completed
Validating checkResultSet_completed
Executing test cleanup script...
1 batches, 0 ResultSets, 0 rows affected
</DebugTrace>
      </Output>
    </UnitTestResult>
    <UnitTestResult executionId="4191ef9c-8409-4da3-8518-305e4b2a91e0" testId="09c588c6-38b4-9dd3-91b7-d32f9ce6a7fc" testName="ETL_job_updateJobInstance_error" computerName="user1computername" duration="00:00:00.1091385" startTime="2015-04-22T12:50:21.0980355-05:00" endTime="2015-04-22T12:50:21.2090466-05:00" testType="13cdc9d9-ddb5-4fa4-a97d-d965ccfc6d4b" outcome="Passed" testListId="8c84fa94-04c1-424b-9868-57a2d4851a1d" relativeResultsDirectory="4191ef9c-8409-4da3-8518-305e4b2a91e0">
      <Output>
        <DebugTrace>Executing test initialization script...
1 batches, 0 ResultSets, 0 rows affected
Executing test script...
1 batches, 1 ResultSets, 1 rows affected
Validating checkStatusCode_error
Validating checkBeginJob_error
Validating checkEndJob_error
Validating checkInsertedByCode_error
Validating checkInsertedDate_error
Validating checkUpdatedByCode_error
Validating checkUpdatedDate_error
Validating checkResultSet_error
Executing test cleanup script...
1 batches, 0 ResultSets, 0 rows affected
</DebugTrace>
      </Output>
    </UnitTestResult>
    <UnitTestResult executionId="a7e22c4e-ea79-4ca0-a505-610482c5cc07" testId="82a7d719-5ab6-9788-5d21-10b635e936e2" testName="ETL_job_updateJobInstance_running" computerName="user1computername" duration="00:00:00.1085590" startTime="2015-04-22T12:50:21.2120469-05:00" endTime="2015-04-22T12:50:21.3230580-05:00" testType="13cdc9d9-ddb5-4fa4-a97d-d965ccfc6d4b" outcome="Passed" testListId="8c84fa94-04c1-424b-9868-57a2d4851a1d" relativeResultsDirectory="a7e22c4e-ea79-4ca0-a505-610482c5cc07">
      <Output>
        <DebugTrace>Executing test initialization script...
1 batches, 0 ResultSets, 0 rows affected
Executing test script...
1 batches, 1 ResultSets, 1 rows affected
Validating checkStatusCode_running
Validating checkBeginJob_running
Validating checkEndJob_running
Validating checkInsertedByCode_running
Validating checkInsertedDate_running
Validating checkUpdatedByCode_running
Validating checkUpdatedDate_running
Validating checkResultSet_running
Executing test cleanup script...
1 batches, 0 ResultSets, 0 rows affected
</DebugTrace>
      </Output>
    </UnitTestResult>
    <UnitTestResult executionId="5127a024-ad83-4a4f-a0d2-f2d8f2507914" testId="99c32d2e-8b99-f797-2b4d-6c46aea51096" testName="ETL_log_insertLog_attachedToJobStepTask" computerName="user1computername" duration="00:00:00.1158044" startTime="2015-04-22T12:50:21.3250582-05:00" endTime="2015-04-22T12:50:21.4430700-05:00" testType="13cdc9d9-ddb5-4fa4-a97d-d965ccfc6d4b" outcome="Passed" testListId="8c84fa94-04c1-424b-9868-57a2d4851a1d" relativeResultsDirectory="5127a024-ad83-4a4f-a0d2-f2d8f2507914">
      <Output>
        <DebugTrace>Executing test initialization script...
1 batches, 0 ResultSets, 0 rows affected
Executing test script...
1 batches, 1 ResultSets, 2 rows affected
Validating checkJobInstance_attached
Validating checkStepInstance_attached
Validating checkComputerName_attached
Validating checkOperator_attached
Validating checkSource_attached
Validating checkSeverity_attached
Validating checkEventName_attached
Validating checkEventDetail_attached
Validating checkInsertedByCode_attached
Validating checkInsertedDate_attached
Validating checkResultSet_attached
Executing test cleanup script...
1 batches, 0 ResultSets, 0 rows affected
</DebugTrace>
      </Output>
    </UnitTestResult>
    <UnitTestResult executionId="d745c08c-8e78-4d18-83f6-ca7ab3afd8f1" testId="e91ee7e9-d11c-4b5e-c0d8-77486ce71c30" testName="ETL_log_insertLog_notAttachedToJobStepTask" computerName="user1computername" duration="00:00:00.1110841" startTime="2015-04-22T12:50:21.4470704-05:00" endTime="2015-04-22T12:50:21.5610818-05:00" testType="13cdc9d9-ddb5-4fa4-a97d-d965ccfc6d4b" outcome="Passed" testListId="8c84fa94-04c1-424b-9868-57a2d4851a1d" relativeResultsDirectory="d745c08c-8e78-4d18-83f6-ca7ab3afd8f1">
      <Output>
        <DebugTrace>Executing test initialization script...
1 batches, 0 ResultSets, 0 rows affected
Executing test script...
1 batches, 1 ResultSets, 2 rows affected
Validating checkJobInstance_notAttached
Validating checkStepInstance_notAttached
Validating checkComputerName_notAttached
Validating checkOperator_notAttached
Validating checkSource_notAttached
Validating checkSeverity_notAttached
Validating checkEventName_notAttached
Validating checkEventDetail_notAttached
Validating checkInsertedByCode_notAttached
Validating checkInsertedDate
Validating checkResultSet_notAttached
Executing test cleanup script...
1 batches, 0 ResultSets, 0 rows affected
</DebugTrace>
      </Output>
    </UnitTestResult>
    <UnitTestResult executionId="e969344a-c143-42ec-9c16-f370fb8988f2" testId="1c8d68ef-ef52-7fbf-ca40-e50c5affb549" testName="ETL_step_insertStepTest" computerName="user1computername" duration="00:00:00.0269785" startTime="2015-04-22T12:50:21.5640821-05:00" endTime="2015-04-22T12:50:21.5940851-05:00" testType="13cdc9d9-ddb5-4fa4-a97d-d965ccfc6d4b" outcome="Passed" testListId="8c84fa94-04c1-424b-9868-57a2d4851a1d" relativeResultsDirectory="e969344a-c143-42ec-9c16-f370fb8988f2">
      <Output>
        <DebugTrace>Executing test script...
1 batches, 1 ResultSets, 2 rows affected
Validating checkStepId
Validating checkStepName
Validating checkCdStep
Validating checkIsActive
Validating checkPackageGUIDValid
Validating checkVersionMajor
Validating checkVersionMinor
Validating checkVersionBuild
Validating checkProjectName
Validating checkFolderName
Validating checkObjectVersion
Validating checkComments
Validating checkInsertedByCode
Validating checkInsertedDate
Validating checkUpdatedByCode
Validating checkUpdatedDate
</DebugTrace>
      </Output>
    </UnitTestResult>
    <UnitTestResult executionId="2566d426-f064-4cb1-92ea-a67e2af7d0ba" testId="8e260cf6-3610-3cde-23a5-f006cb5f4db0" testName="ETL_step_insertStepInstanceTest" computerName="user1computername" duration="00:00:00.1179269" startTime="2015-04-22T12:50:21.5970854-05:00" endTime="2015-04-22T12:50:21.7170974-05:00" testType="13cdc9d9-ddb5-4fa4-a97d-d965ccfc6d4b" outcome="Passed" testListId="8c84fa94-04c1-424b-9868-57a2d4851a1d" relativeResultsDirectory="2566d426-f064-4cb1-92ea-a67e2af7d0ba">
      <Output>
        <DebugTrace>Executing test initialization script...
1 batches, 0 ResultSets, 0 rows affected
Executing test script...
1 batches, 1 ResultSets, 2 rows affected
Validating checkStepId
Validating checkJobInstanceId
Validating checkWorkerId
Validating checkCatalogExecutionId
Validating checkCdStatus
Validating checkStepStart
Validating checkStepEnd
Validating checkComments
Validating checkInsertedByCode
Validating checkInsertedDate
Validating checkUpdatedBy
Validating checkUpdatedDate
Executing test cleanup script...
1 batches, 0 ResultSets, 0 rows affected
</DebugTrace>
      </Output>
    </UnitTestResult>
    <UnitTestResult executionId="0d9fea2c-da6a-4c3f-b6ef-d9030b84e2e6" testId="9b1e8282-b1b2-4277-b828-ca4a01034356" testName="ETL_step_updateStepInstance_Completed" computerName="user1computername" duration="00:00:00.1100665" startTime="2015-04-22T12:50:21.7200977-05:00" endTime="2015-04-22T12:50:21.8321089-05:00" testType="13cdc9d9-ddb5-4fa4-a97d-d965ccfc6d4b" outcome="Passed" testListId="8c84fa94-04c1-424b-9868-57a2d4851a1d" relativeResultsDirectory="0d9fea2c-da6a-4c3f-b6ef-d9030b84e2e6">
      <Output>
        <DebugTrace>Executing test initialization script...
1 batches, 0 ResultSets, 0 rows affected
Executing test script...
1 batches, 1 ResultSets, 1 rows affected
Validating completed_checkStepInstanceId
Validating completed_checkStepId
Validating completed_checkJobInstance
Validating completed_checkWorkerId
Validating completed_checkCatalogExecutionId
Validating completed_checkStatus
Validating completed_checkStepStart
Validating completed_checkStepEnd
Validating completed_checkComments
Validating completed_checkInsertedByCode
Validating completed_checkInsertedDate
Validating completed_checkUpdatedByCode
Validating completed_checkUpdatedDate
Executing test cleanup script...
1 batches, 0 ResultSets, 0 rows affected
</DebugTrace>
      </Output>
    </UnitTestResult>
    <UnitTestResult executionId="3284f1ff-e056-4dae-8eeb-8bb8f0d494d2" testId="6f8feaed-3dd0-e229-7482-3a0efe36dbe1" testName="ETL_step_updateStepInstance_Running" computerName="user1computername" duration="00:00:00.1119308" startTime="2015-04-22T12:50:21.8351092-05:00" endTime="2015-04-22T12:50:21.9491206-05:00" testType="13cdc9d9-ddb5-4fa4-a97d-d965ccfc6d4b" outcome="Passed" testListId="8c84fa94-04c1-424b-9868-57a2d4851a1d" relativeResultsDirectory="3284f1ff-e056-4dae-8eeb-8bb8f0d494d2">
      <Output>
        <DebugTrace>Executing test initialization script...
1 batches, 0 ResultSets, 0 rows affected
Executing test script...
1 batches, 1 ResultSets, 1 rows affected
Validating running_checkStepInstanceId
Validating running_checkStepId
Validating running_checkJobInstanceId
Validating running_checkWorkerId
Validating running_checkCatalogExecutionId
Validating running_checkStatus
Validating running_checkStepStart
Validating running_checkStepEnd
Validating running_checkComments
Validating running_checkInsertedByCode
Validating running_checkInsertedDate
Validating running_checkUpdatedByCode
Validating running_checkUpdatedDate
Executing test cleanup script...
1 batches, 0 ResultSets, 0 rows affected
</DebugTrace>
      </Output>
    </UnitTestResult>
    <UnitTestResult executionId="1fc247e1-397b-4a4b-9778-367856e70b95" testId="f0691513-1696-95db-1995-c3cfe45ed95f" testName="STAGE_createFileLog_projectTest" computerName="user1computername" duration="00:00:00.1296974" startTime="2015-04-22T12:50:21.9521209-05:00" endTime="2015-04-22T12:50:22.0841341-05:00" testType="13cdc9d9-ddb5-4fa4-a97d-d965ccfc6d4b" outcome="Passed" testListId="8c84fa94-04c1-424b-9868-57a2d4851a1d" relativeResultsDirectory="1fc247e1-397b-4a4b-9778-367856e70b95">
      <Output>
        <DebugTrace>Executing test initialization script...
1 batches, 0 ResultSets, 0 rows affected
Executing test script...
1 batches, 1 ResultSets, 2 rows affected
Validating fileLogId
Validating projectId
Validating comments
Validating insertedByCode
Validating insertedDate
Executing test cleanup script...
1 batches, 0 ResultSets, 0 rows affected
</DebugTrace>
      </Output>
    </UnitTestResult>
    <UnitTestResult executionId="c3877aab-6492-4e22-af53-db599d9b0640" testId="2de44f33-2ccd-6edc-47a1-32456c407906" testName="STAGE_createJobInstance_projectTest" computerName="user1computername" duration="00:00:00.1306045" startTime="2015-04-22T12:50:22.0871344-05:00" endTime="2015-04-22T12:50:22.2201477-05:00" testType="13cdc9d9-ddb5-4fa4-a97d-d965ccfc6d4b" outcome="Passed" testListId="8c84fa94-04c1-424b-9868-57a2d4851a1d" relativeResultsDirectory="c3877aab-6492-4e22-af53-db599d9b0640">
      <Output>
        <DebugTrace>Executing test initialization script...
1 batches, 0 ResultSets, 0 rows affected
Executing test script...
1 batches, 1 ResultSets, 2 rows affected
Validating jobInstanceId
Validating projectId
Validating comments
Validating insertedByCode
Validating insertedDate
Executing test cleanup script...
1 batches, 0 ResultSets, 0 rows affected
</DebugTrace>
      </Output>
    </UnitTestResult>
    <UnitTestResult executionId="97e3ee62-7be2-465c-b6c6-8684c434fb04" testId="d2125723-9c1c-c4e9-7743-c3e1aa6223df" testName="STAGE_createTableLog_projectTest" computerName="user1computername" duration="00:00:00.1993913" startTime="2015-04-22T12:50:22.2231480-05:00" endTime="2015-04-22T12:50:22.4251682-05:00" testType="13cdc9d9-ddb5-4fa4-a97d-d965ccfc6d4b" outcome="Passed" testListId="8c84fa94-04c1-424b-9868-57a2d4851a1d" relativeResultsDirectory="97e3ee62-7be2-465c-b6c6-8684c434fb04">
      <Output>
        <DebugTrace>Executing test initialization script...
1 batches, 0 ResultSets, 0 rows affected
Executing test script...
1 batches, 1 ResultSets, 2 rows affected
Validating stage_tableLogId
Validating stage_projectId
Validating stage_comments
Validating stage_insertedByCode
Validating stage_insertedDate
Executing test cleanup script...
1 batches, 0 ResultSets, 0 rows affected
</DebugTrace>
      </Output>
    </UnitTestResult>
    <UnitTestResult executionId="41aff1aa-99fa-42a4-9220-56bb796e9b94" testId="9e885e18-a243-d214-d6a2-45f50bab8619" testName="STAGE_fixMissingLinks_fileLogProject" computerName="user1computername" duration="00:00:00.1685038" startTime="2015-04-22T12:50:22.4281685-05:00" endTime="2015-04-22T12:50:22.6011858-05:00" testType="13cdc9d9-ddb5-4fa4-a97d-d965ccfc6d4b" outcome="Passed" testListId="8c84fa94-04c1-424b-9868-57a2d4851a1d" relativeResultsDirectory="41aff1aa-99fa-42a4-9220-56bb796e9b94">
      <Output>
        <DebugTrace>Executing test initialization script...
1 batches, 0 ResultSets, 0 rows affected
Executing test script...
1 batches, 2 ResultSets, 2 rows affected
Validating fileLog_fileLog_fileLogId
Validating fileLog_fileLog_projectId
Validating fileLog_link_fileLogId
Validating fileLog_link_projectId
Validating fileLog_link_comments
Validating fileLog_link_insertedByCode
Validating fileLog_link_insertedDate
Executing test cleanup script...
1 batches, 0 ResultSets, 0 rows affected
</DebugTrace>
      </Output>
    </UnitTestResult>
    <UnitTestResult executionId="f456d0a8-95af-474c-99c5-1cc0ce5a0d3d" testId="372e65bf-77aa-edb3-f793-cd8bf8262d6a" testName="STAGE_fixMissingLinks_jobInstanceProject" computerName="user1computername" duration="00:00:00.1378969" startTime="2015-04-22T12:50:22.6041861-05:00" endTime="2015-04-22T12:50:22.7452002-05:00" testType="13cdc9d9-ddb5-4fa4-a97d-d965ccfc6d4b" outcome="Passed" testListId="8c84fa94-04c1-424b-9868-57a2d4851a1d" relativeResultsDirectory="f456d0a8-95af-474c-99c5-1cc0ce5a0d3d">
      <Output>
        <DebugTrace>Executing test initialization script...
1 batches, 0 ResultSets, 0 rows affected
Executing test script...
1 batches, 2 ResultSets, 2 rows affected
Validating jobInstance_jobInstance_jobInstanceId
Validating jobInstance_jobInstance_projectId
Validating jobInstance_jobInstance_updatedByCode
Validating jobInstance_jobInstance_updatedDate
Validating jobInstance_link_jobInstanceId
Validating jobInstance_link_projectId
Validating jobInstance_link_comments
Validating jobInstance_link_insertedBy
Validating jobInstance_link_insertedDate
Executing test cleanup script...
1 batches, 0 ResultSets, 0 rows affected
</DebugTrace>
      </Output>
    </UnitTestResult>
    <UnitTestResult executionId="026fb0fa-bf84-4014-94c7-43659133e078" testId="7cffc5bf-b219-ed3e-8f7d-5230b9a06e9d" testName="STAGE_fixMissingLinks_tableLogProject" computerName="user1computername" duration="00:00:00.2026479" startTime="2015-04-22T12:50:22.7482005-05:00" endTime="2015-04-22T12:50:22.9532210-05:00" testType="13cdc9d9-ddb5-4fa4-a97d-d965ccfc6d4b" outcome="Passed" testListId="8c84fa94-04c1-424b-9868-57a2d4851a1d" relativeResultsDirectory="026fb0fa-bf84-4014-94c7-43659133e078">
      <Output>
        <DebugTrace>Executing test initialization script...
1 batches, 0 ResultSets, 0 rows affected
Executing test script...
1 batches, 2 ResultSets, 2 rows affected
Validating tableLog_tableLog_tableLogId
Validating tableLog_tableLog_projectId
Validating tableLog_stage_tableLogId
Validating tableLog_stage_projectId
Validating tableLog_stage_comments
Validating tableLog_stage_insertedByCode
Validating tableLog_stage_insertedDate
Executing test cleanup script...
1 batches, 0 ResultSets, 0 rows affected
</DebugTrace>
      </Output>
    </UnitTestResult>
    <UnitTestResult executionId="0ad01e29-ae5a-4ff5-a274-e1e1d3ae4651" testId="093eaae8-d890-4487-b410-9a0df88a4173" testName="STAGE_mergeProjectTest" computerName="user1computername" duration="00:00:00.1556532" startTime="2015-04-22T12:50:22.9582215-05:00" endTime="2015-04-22T12:50:23.1172374-05:00" testType="13cdc9d9-ddb5-4fa4-a97d-d965ccfc6d4b" outcome="Passed" testListId="8c84fa94-04c1-424b-9868-57a2d4851a1d" relativeResultsDirectory="0ad01e29-ae5a-4ff5-a274-e1e1d3ae4651">
      <Output>
        <DebugTrace>Executing test initialization script...
1 batches, 0 ResultSets, 0 rows affected
Executing test script...
1 batches, 1 ResultSets, 1 rows affected
Validating checkInsertedCount
Validating checkUpdatedCount
Validating checkMatchedCount
Executing test cleanup script...
1 batches, 0 ResultSets, 0 rows affected
</DebugTrace>
      </Output>
    </UnitTestResult>
  </Results>
</TestRun>